2025-09-03 09:49:52,558 [Worker-7: Loading available Gradle versions] INFO  o.e.b.c.i.u.g.PublishedGradleVersions - Gradle version information cache is not available. Remote download required.
2025-09-03 09:50:36,161 [Worker-1: Update Maven projects configuration] INFO  o.e.m.c.i.p.ProjectConfigurationManager - Update started
2025-09-03 09:50:39,411 [Worker-1: Update Maven projects configuration] INFO  o.e.m.c.i.e.AbstractTransferListenerAdapter - Downloading https://repo.maven.apache.org/maven2/org/asciidoctor/asciidoctor-maven-plugin/2.2.1/asciidoctor-maven-plugin-2.2.1.jar
2025-09-03 09:50:39,605 [Worker-1: Update Maven projects configuration] INFO  o.e.m.c.i.e.AbstractTransferListenerAdapter - Downloaded https://repo.maven.apache.org/maven2/org/asciidoctor/asciidoctor-maven-plugin/2.2.1/asciidoctor-maven-plugin-2.2.1.jar
2025-09-03 09:50:40,506 [Worker-1: Update Maven projects configuration] INFO  o.e.m.c.i.l.LifecycleMappingFactory - Using org.eclipse.m2e.jdt.JarLifecycleMapping lifecycle mapping for MavenProject: com.Taskmanager:TaskManagerProject:0.0.1-SNAPSHOT @ C:\Users\abhishek.mr\Downloads\TaskManagerProject\TaskManagerProject\pom.xml.
2025-09-03 09:50:41,808 [Worker-1: Update Maven projects configuration] INFO  o.e.m.c.i.e.AbstractTransferListenerAdapter - Downloading https://repo.maven.apache.org/maven2/org/springframework/restdocs/spring-restdocs-mockmvc/3.0.5/spring-restdocs-mockmvc-3.0.5.pom
2025-09-03 09:50:41,835 [Worker-1: Update Maven projects configuration] INFO  o.e.m.c.i.e.AbstractTransferListenerAdapter - Downloaded https://repo.maven.apache.org/maven2/org/springframework/restdocs/spring-restdocs-mockmvc/3.0.5/spring-restdocs-mockmvc-3.0.5.pom
2025-09-03 09:50:42,255 [Worker-1: Update Maven projects configuration] INFO  o.e.m.c.i.e.AbstractTransferListenerAdapter - Downloading https://repo.maven.apache.org/maven2/org/springframework/restdocs/spring-restdocs-core/3.0.5/spring-restdocs-core-3.0.5.pom
2025-09-03 09:50:42,295 [Worker-1: Update Maven projects configuration] INFO  o.e.m.c.i.e.AbstractTransferListenerAdapter - Downloaded https://repo.maven.apache.org/maven2/org/springframework/restdocs/spring-restdocs-core/3.0.5/spring-restdocs-core-3.0.5.pom
2025-09-03 09:50:43,607 [Worker-1: Update Maven projects configuration] INFO  o.e.m.c.i.e.AbstractTransferListenerAdapter - Downloading https://repo.maven.apache.org/maven2/org/springframework/restdocs/spring-restdocs-mockmvc/3.0.5/spring-restdocs-mockmvc-3.0.5.jar
2025-09-03 09:50:43,678 [Worker-1: Update Maven projects configuration] INFO  o.e.m.c.i.e.AbstractTransferListenerAdapter - Downloaded https://repo.maven.apache.org/maven2/org/springframework/restdocs/spring-restdocs-mockmvc/3.0.5/spring-restdocs-mockmvc-3.0.5.jar
2025-09-03 09:50:43,786 [BasicRepositoryConnector-repo.maven.apache.org-0-1] INFO  o.e.m.c.i.e.AbstractTransferListenerAdapter - Downloading https://repo.maven.apache.org/maven2/jakarta/servlet/jakarta.servlet-api/6.0.0/jakarta.servlet-api-6.0.0.jar
2025-09-03 09:50:43,955 [BasicRepositoryConnector-repo.maven.apache.org-0-1] INFO  o.e.m.c.i.e.AbstractTransferListenerAdapter - Downloaded https://repo.maven.apache.org/maven2/jakarta/servlet/jakarta.servlet-api/6.0.0/jakarta.servlet-api-6.0.0.jar
2025-09-03 09:50:44,042 [BasicRepositoryConnector-repo.maven.apache.org-0-0] INFO  o.e.m.c.i.e.AbstractTransferListenerAdapter - Downloading https://repo.maven.apache.org/maven2/org/springframework/restdocs/spring-restdocs-core/3.0.5/spring-restdocs-core-3.0.5.jar
2025-09-03 09:50:44,431 [BasicRepositoryConnector-repo.maven.apache.org-0-0] INFO  o.e.m.c.i.e.AbstractTransferListenerAdapter - Downloaded https://repo.maven.apache.org/maven2/org/springframework/restdocs/spring-restdocs-core/3.0.5/spring-restdocs-core-3.0.5.jar
2025-09-03 09:50:44,776 [Worker-1: Update Maven projects configuration] INFO  o.e.m.c.i.e.AbstractTransferListenerAdapter - Downloading https://repo.maven.apache.org/maven2/org/asciidoctor/asciidoctor-maven-plugin/2.2.1/asciidoctor-maven-plugin-2.2.1.pom
2025-09-03 09:50:44,807 [Worker-1: Update Maven projects configuration] INFO  o.e.m.c.i.e.AbstractTransferListenerAdapter - Downloaded https://repo.maven.apache.org/maven2/org/asciidoctor/asciidoctor-maven-plugin/2.2.1/asciidoctor-maven-plugin-2.2.1.pom
2025-09-03 09:50:47,251 [Worker-1: Update Maven projects configuration] INFO  o.e.m.j.i.AbstractJavaProjectConfigurator - Adding source folder /TaskManagerProject/src/main/java
2025-09-03 09:50:47,257 [Worker-1: Update Maven projects configuration] INFO  o.e.m.j.i.AbstractJavaProjectConfigurator - Adding resource folder /TaskManagerProject/src/main/resources
2025-09-03 09:50:47,281 [Worker-1: Update Maven projects configuration] INFO  o.e.m.j.i.AbstractJavaProjectConfigurator - Adding resource folder /TaskManagerProject/src/main/resources
2025-09-03 09:50:47,306 [Worker-1: Update Maven projects configuration] INFO  o.e.m.j.i.AbstractJavaProjectConfigurator - Adding source folder /TaskManagerProject/src/test/java
2025-09-03 09:50:47,312 [Worker-1: Update Maven projects configuration] INFO  o.e.m.j.i.AbstractJavaProjectConfigurator - Adding resource folder /TaskManagerProject/src/test/resources
2025-09-03 09:50:47,670 [Worker-7: Download sources and javadoc] INFO  o.e.m.c.i.e.AbstractTransferListenerAdapter - Downloading https://repo.maven.apache.org/maven2/org/springframework/restdocs/spring-restdocs-mockmvc/3.0.5/spring-restdocs-mockmvc-3.0.5-sources.jar
2025-09-03 09:50:47,807 [Worker-7: Download sources and javadoc] INFO  o.e.m.c.i.e.AbstractTransferListenerAdapter - Downloaded https://repo.maven.apache.org/maven2/org/springframework/restdocs/spring-restdocs-mockmvc/3.0.5/spring-restdocs-mockmvc-3.0.5-sources.jar
2025-09-03 09:50:47,830 [Worker-7: Download sources and javadoc] INFO  o.e.m.j.internal.DownloadSourcesJob - Downloaded sources for org.springframework.restdocs:spring-restdocs-mockmvc:3.0.5
2025-09-03 09:50:48,190 [Worker-7: Download sources and javadoc] INFO  o.e.m.c.i.e.AbstractTransferListenerAdapter - Downloading https://repo.maven.apache.org/maven2/org/springframework/restdocs/spring-restdocs-core/3.0.5/spring-restdocs-core-3.0.5-sources.jar
2025-09-03 09:50:48,523 [Worker-7: Download sources and javadoc] INFO  o.e.m.c.i.e.AbstractTransferListenerAdapter - Downloaded https://repo.maven.apache.org/maven2/org/springframework/restdocs/spring-restdocs-core/3.0.5/spring-restdocs-core-3.0.5-sources.jar
2025-09-03 09:50:48,545 [Worker-7: Download sources and javadoc] INFO  o.e.m.j.internal.DownloadSourcesJob - Downloaded sources for org.springframework.restdocs:spring-restdocs-core:3.0.5
2025-09-03 09:50:48,902 [Worker-7: Download sources and javadoc] INFO  o.e.m.c.i.e.AbstractTransferListenerAdapter - Downloading https://repo.maven.apache.org/maven2/jakarta/servlet/jakarta.servlet-api/6.0.0/jakarta.servlet-api-6.0.0-sources.jar
2025-09-03 09:50:49,322 [Worker-7: Download sources and javadoc] INFO  o.e.m.c.i.e.AbstractTransferListenerAdapter - Downloaded https://repo.maven.apache.org/maven2/jakarta/servlet/jakarta.servlet-api/6.0.0/jakarta.servlet-api-6.0.0-sources.jar
2025-09-03 09:50:49,342 [Worker-7: Download sources and javadoc] INFO  o.e.m.j.internal.DownloadSourcesJob - Downloaded sources for jakarta.servlet:jakarta.servlet-api:6.0.0
2025-09-03 09:50:49,606 [Worker-22: Building] INFO  o.a.m.s.f.DefaultMavenResourcesFiltering - Copying 1 resource from src\main\resources to target\classes
2025-09-03 09:50:49,628 [Worker-22: Building] INFO  o.a.m.s.f.DefaultMavenResourcesFiltering - Copying 0 resource from src\main\resources to target\classes
2025-09-03 09:50:49,636 [Worker-22: Building] INFO  o.a.m.s.f.DefaultMavenResourcesFiltering - skip non existing resourceDirectory C:\Users\abhishek.mr\Downloads\TaskManagerProject\TaskManagerProject\src\test\resources
2025-09-03 09:50:51,302 [Worker-1: Update Maven projects configuration] INFO  o.e.m.c.i.p.ProjectConfigurationManager - Update completed for 1 poms: local refresh takes 0.00 sec, refresh facades takes 10.00 sec, update config takes 4.00 sec 
2025-09-03 09:50:51,840 [Worker-20: Building] INFO  o.a.m.s.f.DefaultMavenResourcesFiltering - Copying 1 resource from src\main\resources to target\classes
2025-09-03 09:50:51,846 [Worker-20: Building] INFO  o.a.m.s.f.DefaultMavenResourcesFiltering - Copying 0 resource from src\main\resources to target\classes
2025-09-03 09:50:51,852 [Worker-20: Building] INFO  o.a.m.s.f.DefaultMavenResourcesFiltering - skip non existing resourceDirectory C:\Users\abhishek.mr\Downloads\TaskManagerProject\TaskManagerProject\src\test\resources
2025-09-03 09:51:07,766 [Worker-17: Building] INFO  o.e.m.c.i.l.LifecycleMappingFactory - Using org.eclipse.m2e.jdt.JarLifecycleMapping lifecycle mapping for MavenProject: com.Taskmanager:TaskManagerProject:0.0.1-SNAPSHOT @ C:\Users\abhishek.mr\Downloads\TaskManagerProject\TaskManagerProject\pom.xml.
2025-09-03 09:51:10,527 [Worker-17: Building] INFO  o.a.m.s.f.DefaultMavenResourcesFiltering - Copying 0 resource from src\main\resources to target\classes
2025-09-03 09:51:10,532 [Worker-17: Building] INFO  o.a.m.s.f.DefaultMavenResourcesFiltering - Copying 0 resource from src\main\resources to target\classes
2025-09-03 09:51:10,541 [Worker-17: Building] INFO  o.a.m.s.f.DefaultMavenResourcesFiltering - skip non existing resourceDirectory C:\Users\abhishek.mr\Downloads\TaskManagerProject\TaskManagerProject\src\test\resources
2025-09-03 09:52:01,981 [Worker-28: Launching Executing install in C__Users_abhishek.mr_Downloads_TaskManagerProject_TaskManagerProject] INFO  o.eclipse.m2e.core.internal.Bundles - getClasspathEntries(Bundle=org.eclipse.m2e.maven.runtime_3.9.900.20250220-2013 [2395])
2025-09-03 09:52:01,985 [Worker-28: Launching Executing install in C__Users_abhishek.mr_Downloads_TaskManagerProject_TaskManagerProject] INFO  o.eclipse.m2e.core.internal.Bundles - 	Entry: C:\Users\abhishek.mr\.p2\pool\plugins\org.eclipse.m2e.maven.runtime_3.9.900.20250220-2013
2025-09-03 09:52:01,986 [Worker-28: Launching Executing install in C__Users_abhishek.mr_Downloads_TaskManagerProject_TaskManagerProject] INFO  o.eclipse.m2e.core.internal.Bundles - 	Entry: C:\Users\abhishek.mr\.p2\pool\plugins\org.eclipse.m2e.maven.runtime_3.9.900.20250220-2013\jars\aopalliance-1.0.jar
2025-09-03 09:52:01,987 [Worker-28: Launching Executing install in C__Users_abhishek.mr_Downloads_TaskManagerProject_TaskManagerProject] INFO  o.eclipse.m2e.core.internal.Bundles - 	Entry: C:\Users\abhishek.mr\.p2\pool\plugins\org.eclipse.m2e.maven.runtime_3.9.900.20250220-2013\jars\guice-5.1.0.jar
2025-09-03 09:52:01,987 [Worker-28: Launching Executing install in C__Users_abhishek.mr_Downloads_TaskManagerProject_TaskManagerProject] INFO  o.eclipse.m2e.core.internal.Bundles - 	Entry: C:\Users\abhishek.mr\.p2\pool\plugins\org.eclipse.m2e.maven.runtime_3.9.900.20250220-2013\jars\httpclient-4.5.14.jar
2025-09-03 09:52:01,987 [Worker-28: Launching Executing install in C__Users_abhishek.mr_Downloads_TaskManagerProject_TaskManagerProject] INFO  o.eclipse.m2e.core.internal.Bundles - 	Entry: C:\Users\abhishek.mr\.p2\pool\plugins\org.eclipse.m2e.maven.runtime_3.9.900.20250220-2013\jars\httpcore-4.4.16.jar
2025-09-03 09:52:01,988 [Worker-28: Launching Executing install in C__Users_abhishek.mr_Downloads_TaskManagerProject_TaskManagerProject] INFO  o.eclipse.m2e.core.internal.Bundles - 	Entry: C:\Users\abhishek.mr\.p2\pool\plugins\org.eclipse.m2e.maven.runtime_3.9.900.20250220-2013\jars\jansi-2.4.1.jar
2025-09-03 09:52:01,988 [Worker-28: Launching Executing install in C__Users_abhishek.mr_Downloads_TaskManagerProject_TaskManagerProject] INFO  o.eclipse.m2e.core.internal.Bundles - 	Entry: C:\Users\abhishek.mr\.p2\pool\plugins\org.eclipse.m2e.maven.runtime_3.9.900.20250220-2013\jars\jcl-over-slf4j-1.7.36.jar
2025-09-03 09:52:01,989 [Worker-28: Launching Executing install in C__Users_abhishek.mr_Downloads_TaskManagerProject_TaskManagerProject] INFO  o.eclipse.m2e.core.internal.Bundles - 	Entry: C:\Users\abhishek.mr\.p2\pool\plugins\org.eclipse.m2e.maven.runtime_3.9.900.20250220-2013\jars\maven-artifact-3.9.9.jar
2025-09-03 09:52:01,989 [Worker-28: Launching Executing install in C__Users_abhishek.mr_Downloads_TaskManagerProject_TaskManagerProject] INFO  o.eclipse.m2e.core.internal.Bundles - 	Entry: C:\Users\abhishek.mr\.p2\pool\plugins\org.eclipse.m2e.maven.runtime_3.9.900.20250220-2013\jars\maven-builder-support-3.9.9.jar
2025-09-03 09:52:01,989 [Worker-28: Launching Executing install in C__Users_abhishek.mr_Downloads_TaskManagerProject_TaskManagerProject] INFO  o.eclipse.m2e.core.internal.Bundles - 	Entry: C:\Users\abhishek.mr\.p2\pool\plugins\org.eclipse.m2e.maven.runtime_3.9.900.20250220-2013\jars\maven-compat-3.9.9.jar
2025-09-03 09:52:01,990 [Worker-28: Launching Executing install in C__Users_abhishek.mr_Downloads_TaskManagerProject_TaskManagerProject] INFO  o.eclipse.m2e.core.internal.Bundles - 	Entry: C:\Users\abhishek.mr\.p2\pool\plugins\org.eclipse.m2e.maven.runtime_3.9.900.20250220-2013\jars\maven-core-3.9.9.jar
2025-09-03 09:52:01,990 [Worker-28: Launching Executing install in C__Users_abhishek.mr_Downloads_TaskManagerProject_TaskManagerProject] INFO  o.eclipse.m2e.core.internal.Bundles - 	Entry: C:\Users\abhishek.mr\.p2\pool\plugins\org.eclipse.m2e.maven.runtime_3.9.900.20250220-2013\jars\maven-embedder-3.9.9.jar
2025-09-03 09:52:01,990 [Worker-28: Launching Executing install in C__Users_abhishek.mr_Downloads_TaskManagerProject_TaskManagerProject] INFO  o.eclipse.m2e.core.internal.Bundles - 	Entry: C:\Users\abhishek.mr\.p2\pool\plugins\org.eclipse.m2e.maven.runtime_3.9.900.20250220-2013\jars\maven-model-3.9.9.jar
2025-09-03 09:52:01,991 [Worker-28: Launching Executing install in C__Users_abhishek.mr_Downloads_TaskManagerProject_TaskManagerProject] INFO  o.eclipse.m2e.core.internal.Bundles - 	Entry: C:\Users\abhishek.mr\.p2\pool\plugins\org.eclipse.m2e.maven.runtime_3.9.900.20250220-2013\jars\maven-model-builder-3.9.9.jar
2025-09-03 09:52:01,991 [Worker-28: Launching Executing install in C__Users_abhishek.mr_Downloads_TaskManagerProject_TaskManagerProject] INFO  o.eclipse.m2e.core.internal.Bundles - 	Entry: C:\Users\abhishek.mr\.p2\pool\plugins\org.eclipse.m2e.maven.runtime_3.9.900.20250220-2013\jars\maven-plugin-api-3.9.9.jar
2025-09-03 09:52:01,991 [Worker-28: Launching Executing install in C__Users_abhishek.mr_Downloads_TaskManagerProject_TaskManagerProject] INFO  o.eclipse.m2e.core.internal.Bundles - 	Entry: C:\Users\abhishek.mr\.p2\pool\plugins\org.eclipse.m2e.maven.runtime_3.9.900.20250220-2013\jars\maven-repository-metadata-3.9.9.jar
2025-09-03 09:52:01,992 [Worker-28: Launching Executing install in C__Users_abhishek.mr_Downloads_TaskManagerProject_TaskManagerProject] INFO  o.eclipse.m2e.core.internal.Bundles - 	Entry: C:\Users\abhishek.mr\.p2\pool\plugins\org.eclipse.m2e.maven.runtime_3.9.900.20250220-2013\jars\maven-resolver-api-1.9.22.jar
2025-09-03 09:52:01,992 [Worker-28: Launching Executing install in C__Users_abhishek.mr_Downloads_TaskManagerProject_TaskManagerProject] INFO  o.eclipse.m2e.core.internal.Bundles - 	Entry: C:\Users\abhishek.mr\.p2\pool\plugins\org.eclipse.m2e.maven.runtime_3.9.900.20250220-2013\jars\maven-resolver-connector-basic-1.9.22.jar
2025-09-03 09:52:01,992 [Worker-28: Launching Executing install in C__Users_abhishek.mr_Downloads_TaskManagerProject_TaskManagerProject] INFO  o.eclipse.m2e.core.internal.Bundles - 	Entry: C:\Users\abhishek.mr\.p2\pool\plugins\org.eclipse.m2e.maven.runtime_3.9.900.20250220-2013\jars\maven-resolver-impl-1.9.22.jar
2025-09-03 09:52:01,993 [Worker-28: Launching Executing install in C__Users_abhishek.mr_Downloads_TaskManagerProject_TaskManagerProject] INFO  o.eclipse.m2e.core.internal.Bundles - 	Entry: C:\Users\abhishek.mr\.p2\pool\plugins\org.eclipse.m2e.maven.runtime_3.9.900.20250220-2013\jars\maven-resolver-named-locks-1.9.22.jar
2025-09-03 09:52:01,993 [Worker-28: Launching Executing install in C__Users_abhishek.mr_Downloads_TaskManagerProject_TaskManagerProject] INFO  o.eclipse.m2e.core.internal.Bundles - 	Entry: C:\Users\abhishek.mr\.p2\pool\plugins\org.eclipse.m2e.maven.runtime_3.9.900.20250220-2013\jars\maven-resolver-provider-3.9.9.jar
2025-09-03 09:52:01,993 [Worker-28: Launching Executing install in C__Users_abhishek.mr_Downloads_TaskManagerProject_TaskManagerProject] INFO  o.eclipse.m2e.core.internal.Bundles - 	Entry: C:\Users\abhishek.mr\.p2\pool\plugins\org.eclipse.m2e.maven.runtime_3.9.900.20250220-2013\jars\maven-resolver-spi-1.9.22.jar
2025-09-03 09:52:01,994 [Worker-28: Launching Executing install in C__Users_abhishek.mr_Downloads_TaskManagerProject_TaskManagerProject] INFO  o.eclipse.m2e.core.internal.Bundles - 	Entry: C:\Users\abhishek.mr\.p2\pool\plugins\org.eclipse.m2e.maven.runtime_3.9.900.20250220-2013\jars\maven-resolver-transport-file-1.9.22.jar
2025-09-03 09:52:01,994 [Worker-28: Launching Executing install in C__Users_abhishek.mr_Downloads_TaskManagerProject_TaskManagerProject] INFO  o.eclipse.m2e.core.internal.Bundles - 	Entry: C:\Users\abhishek.mr\.p2\pool\plugins\org.eclipse.m2e.maven.runtime_3.9.900.20250220-2013\jars\maven-resolver-transport-http-1.9.22.jar
2025-09-03 09:52:01,995 [Worker-28: Launching Executing install in C__Users_abhishek.mr_Downloads_TaskManagerProject_TaskManagerProject] INFO  o.eclipse.m2e.core.internal.Bundles - 	Entry: C:\Users\abhishek.mr\.p2\pool\plugins\org.eclipse.m2e.maven.runtime_3.9.900.20250220-2013\jars\maven-resolver-transport-wagon-1.9.22.jar
2025-09-03 09:52:01,995 [Worker-28: Launching Executing install in C__Users_abhishek.mr_Downloads_TaskManagerProject_TaskManagerProject] INFO  o.eclipse.m2e.core.internal.Bundles - 	Entry: C:\Users\abhishek.mr\.p2\pool\plugins\org.eclipse.m2e.maven.runtime_3.9.900.20250220-2013\jars\maven-resolver-util-1.9.22.jar
2025-09-03 09:52:01,995 [Worker-28: Launching Executing install in C__Users_abhishek.mr_Downloads_TaskManagerProject_TaskManagerProject] INFO  o.eclipse.m2e.core.internal.Bundles - 	Entry: C:\Users\abhishek.mr\.p2\pool\plugins\org.eclipse.m2e.maven.runtime_3.9.900.20250220-2013\jars\maven-settings-3.9.9.jar
2025-09-03 09:52:01,996 [Worker-28: Launching Executing install in C__Users_abhishek.mr_Downloads_TaskManagerProject_TaskManagerProject] INFO  o.eclipse.m2e.core.internal.Bundles - 	Entry: C:\Users\abhishek.mr\.p2\pool\plugins\org.eclipse.m2e.maven.runtime_3.9.900.20250220-2013\jars\maven-settings-builder-3.9.9.jar
2025-09-03 09:52:01,996 [Worker-28: Launching Executing install in C__Users_abhishek.mr_Downloads_TaskManagerProject_TaskManagerProject] INFO  o.eclipse.m2e.core.internal.Bundles - 	Entry: C:\Users\abhishek.mr\.p2\pool\plugins\org.eclipse.m2e.maven.runtime_3.9.900.20250220-2013\jars\maven-shared-utils-3.4.2.jar
2025-09-03 09:52:01,996 [Worker-28: Launching Executing install in C__Users_abhishek.mr_Downloads_TaskManagerProject_TaskManagerProject] INFO  o.eclipse.m2e.core.internal.Bundles - 	Entry: C:\Users\abhishek.mr\.p2\pool\plugins\org.eclipse.m2e.maven.runtime_3.9.900.20250220-2013\jars\org.eclipse.sisu.inject-0.9.0.M3.jar
2025-09-03 09:52:01,997 [Worker-28: Launching Executing install in C__Users_abhishek.mr_Downloads_TaskManagerProject_TaskManagerProject] INFO  o.eclipse.m2e.core.internal.Bundles - 	Entry: C:\Users\abhishek.mr\.p2\pool\plugins\org.eclipse.m2e.maven.runtime_3.9.900.20250220-2013\jars\org.eclipse.sisu.plexus-0.9.0.M3.jar
2025-09-03 09:52:01,997 [Worker-28: Launching Executing install in C__Users_abhishek.mr_Downloads_TaskManagerProject_TaskManagerProject] INFO  o.eclipse.m2e.core.internal.Bundles - 	Entry: C:\Users\abhishek.mr\.p2\pool\plugins\org.eclipse.m2e.maven.runtime_3.9.900.20250220-2013\jars\plexus-build-api-0.0.7.jar
2025-09-03 09:52:01,997 [Worker-28: Launching Executing install in C__Users_abhishek.mr_Downloads_TaskManagerProject_TaskManagerProject] INFO  o.eclipse.m2e.core.internal.Bundles - 	Entry: C:\Users\abhishek.mr\.p2\pool\plugins\org.eclipse.m2e.maven.runtime_3.9.900.20250220-2013\jars\plexus-build-api-1.2.0.jar
2025-09-03 09:52:01,998 [Worker-28: Launching Executing install in C__Users_abhishek.mr_Downloads_TaskManagerProject_TaskManagerProject] INFO  o.eclipse.m2e.core.internal.Bundles - 	Entry: C:\Users\abhishek.mr\.p2\pool\plugins\org.eclipse.m2e.maven.runtime_3.9.900.20250220-2013\jars\plexus-cipher-2.0.jar
2025-09-03 09:52:01,998 [Worker-28: Launching Executing install in C__Users_abhishek.mr_Downloads_TaskManagerProject_TaskManagerProject] INFO  o.eclipse.m2e.core.internal.Bundles - 	Entry: C:\Users\abhishek.mr\.p2\pool\plugins\org.eclipse.m2e.maven.runtime_3.9.900.20250220-2013\jars\plexus-classworlds-2.8.0.jar
2025-09-03 09:52:01,998 [Worker-28: Launching Executing install in C__Users_abhishek.mr_Downloads_TaskManagerProject_TaskManagerProject] INFO  o.eclipse.m2e.core.internal.Bundles - 	Entry: C:\Users\abhishek.mr\.p2\pool\plugins\org.eclipse.m2e.maven.runtime_3.9.900.20250220-2013\jars\plexus-component-annotations-2.1.0.jar
2025-09-03 09:52:01,999 [Worker-28: Launching Executing install in C__Users_abhishek.mr_Downloads_TaskManagerProject_TaskManagerProject] INFO  o.eclipse.m2e.core.internal.Bundles - 	Entry: C:\Users\abhishek.mr\.p2\pool\plugins\org.eclipse.m2e.maven.runtime_3.9.900.20250220-2013\jars\plexus-interpolation-1.27.jar
2025-09-03 09:52:01,999 [Worker-28: Launching Executing install in C__Users_abhishek.mr_Downloads_TaskManagerProject_TaskManagerProject] INFO  o.eclipse.m2e.core.internal.Bundles - 	Entry: C:\Users\abhishek.mr\.p2\pool\plugins\org.eclipse.m2e.maven.runtime_3.9.900.20250220-2013\jars\plexus-sec-dispatcher-2.0.jar
2025-09-03 09:52:01,999 [Worker-28: Launching Executing install in C__Users_abhishek.mr_Downloads_TaskManagerProject_TaskManagerProject] INFO  o.eclipse.m2e.core.internal.Bundles - 	Entry: C:\Users\abhishek.mr\.p2\pool\plugins\org.eclipse.m2e.maven.runtime_3.9.900.20250220-2013\jars\plexus-utils-3.5.1.jar
2025-09-03 09:52:02,000 [Worker-28: Launching Executing install in C__Users_abhishek.mr_Downloads_TaskManagerProject_TaskManagerProject] INFO  o.eclipse.m2e.core.internal.Bundles - 	Entry: C:\Users\abhishek.mr\.p2\pool\plugins\org.eclipse.m2e.maven.runtime_3.9.900.20250220-2013\jars\plexus-xml-3.0.1.jar
2025-09-03 09:52:02,000 [Worker-28: Launching Executing install in C__Users_abhishek.mr_Downloads_TaskManagerProject_TaskManagerProject] INFO  o.eclipse.m2e.core.internal.Bundles - 	Entry: C:\Users\abhishek.mr\.p2\pool\plugins\org.eclipse.m2e.maven.runtime_3.9.900.20250220-2013\jars\wagon-file-3.5.3.jar
2025-09-03 09:52:02,000 [Worker-28: Launching Executing install in C__Users_abhishek.mr_Downloads_TaskManagerProject_TaskManagerProject] INFO  o.eclipse.m2e.core.internal.Bundles - 	Entry: C:\Users\abhishek.mr\.p2\pool\plugins\org.eclipse.m2e.maven.runtime_3.9.900.20250220-2013\jars\wagon-http-3.5.3.jar
2025-09-03 09:52:02,001 [Worker-28: Launching Executing install in C__Users_abhishek.mr_Downloads_TaskManagerProject_TaskManagerProject] INFO  o.eclipse.m2e.core.internal.Bundles - 	Entry: C:\Users\abhishek.mr\.p2\pool\plugins\org.eclipse.m2e.maven.runtime_3.9.900.20250220-2013\jars\wagon-http-shared-3.5.3.jar
2025-09-03 09:52:02,001 [Worker-28: Launching Executing install in C__Users_abhishek.mr_Downloads_TaskManagerProject_TaskManagerProject] INFO  o.eclipse.m2e.core.internal.Bundles - 	Entry: C:\Users\abhishek.mr\.p2\pool\plugins\org.eclipse.m2e.maven.runtime_3.9.900.20250220-2013\jars\wagon-provider-api-3.5.3.jar
2025-09-03 09:52:02,003 [Worker-28: Launching Executing install in C__Users_abhishek.mr_Downloads_TaskManagerProject_TaskManagerProject] INFO  o.eclipse.m2e.core.internal.Bundles - getClasspathEntries(Bundle=com.google.guava_33.4.8.jre [1768])
2025-09-03 09:52:02,006 [Worker-28: Launching Executing install in C__Users_abhishek.mr_Downloads_TaskManagerProject_TaskManagerProject] INFO  o.eclipse.m2e.core.internal.Bundles - 	Entry: C:\Users\abhishek.mr\.p2\pool\plugins\com.google.guava_33.4.8.jre.jar
2025-09-03 09:52:02,006 [Worker-28: Launching Executing install in C__Users_abhishek.mr_Downloads_TaskManagerProject_TaskManagerProject] INFO  o.eclipse.m2e.core.internal.Bundles - getClasspathEntries(Bundle=slf4j.api_2.0.17 [2802])
2025-09-03 09:52:02,008 [Worker-28: Launching Executing install in C__Users_abhishek.mr_Downloads_TaskManagerProject_TaskManagerProject] INFO  o.eclipse.m2e.core.internal.Bundles - 	Entry: C:\Users\abhishek.mr\.p2\pool\plugins\slf4j.api_2.0.17.jar
2025-09-03 09:52:02,009 [Worker-28: Launching Executing install in C__Users_abhishek.mr_Downloads_TaskManagerProject_TaskManagerProject] INFO  o.eclipse.m2e.core.internal.Bundles - getClasspathEntries(Bundle=jakarta.inject.jakarta.inject-api_1.0.5 [1785])
2025-09-03 09:52:02,011 [Worker-28: Launching Executing install in C__Users_abhishek.mr_Downloads_TaskManagerProject_TaskManagerProject] INFO  o.eclipse.m2e.core.internal.Bundles - 	Entry: C:\Users\abhishek.mr\.p2\pool\plugins\jakarta.inject.jakarta.inject-api_1.0.5.jar
2025-09-03 09:52:02,011 [Worker-28: Launching Executing install in C__Users_abhishek.mr_Downloads_TaskManagerProject_TaskManagerProject] INFO  o.eclipse.m2e.core.internal.Bundles - getClasspathEntries(Bundle=javax.annotation_1.3.5.v20200909-1856 [1797])
2025-09-03 09:52:02,013 [Worker-28: Launching Executing install in C__Users_abhishek.mr_Downloads_TaskManagerProject_TaskManagerProject] INFO  o.eclipse.m2e.core.internal.Bundles - 	Entry: C:\Users\abhishek.mr\.p2\pool\plugins\javax.annotation_1.3.5.v20200909-1856.jar
2025-09-03 09:52:02,014 [Worker-28: Launching Executing install in C__Users_abhishek.mr_Downloads_TaskManagerProject_TaskManagerProject] INFO  o.eclipse.m2e.core.internal.Bundles - getClasspathEntries(Bundle=org.apache.commons.cli_1.9.0 [1830])
2025-09-03 09:52:02,016 [Worker-28: Launching Executing install in C__Users_abhishek.mr_Downloads_TaskManagerProject_TaskManagerProject] INFO  o.eclipse.m2e.core.internal.Bundles - 	Entry: C:\Users\abhishek.mr\.p2\pool\plugins\org.apache.commons.cli_1.9.0.jar
2025-09-03 09:52:02,016 [Worker-28: Launching Executing install in C__Users_abhishek.mr_Downloads_TaskManagerProject_TaskManagerProject] INFO  o.eclipse.m2e.core.internal.Bundles - getClasspathEntries(Bundle=org.apache.commons.commons-codec_1.19.0 [1832])
2025-09-03 09:52:02,019 [Worker-28: Launching Executing install in C__Users_abhishek.mr_Downloads_TaskManagerProject_TaskManagerProject] INFO  o.eclipse.m2e.core.internal.Bundles - 	Entry: C:\Users\abhishek.mr\.p2\pool\plugins\org.apache.commons.commons-codec_1.19.0.jar
2025-09-03 09:52:02,019 [Worker-28: Launching Executing install in C__Users_abhishek.mr_Downloads_TaskManagerProject_TaskManagerProject] INFO  o.eclipse.m2e.core.internal.Bundles - getClasspathEntries(Bundle=com.google.guava.failureaccess_1.0.3 [1769])
2025-09-03 09:52:02,021 [Worker-28: Launching Executing install in C__Users_abhishek.mr_Downloads_TaskManagerProject_TaskManagerProject] INFO  o.eclipse.m2e.core.internal.Bundles - 	Entry: C:\Users\abhishek.mr\.p2\pool\plugins\com.google.guava.failureaccess_1.0.3.jar
2025-09-03 09:52:02,031 [Worker-28: Launching Executing install in C__Users_abhishek.mr_Downloads_TaskManagerProject_TaskManagerProject] INFO  o.e.m.i.launch.MavenLaunchDelegate - Run build in "C:\Users\abhishek.mr\Downloads\TaskManagerProject\TaskManagerProject":
2025-09-03 09:52:02,038 [Worker-28: Launching Executing install in C__Users_abhishek.mr_Downloads_TaskManagerProject_TaskManagerProject] INFO  o.e.m.i.launch.MavenLaunchDelegate -  mvn  -B -Dstyle.color=always install
2025-09-03 09:53:26,494 [Worker-7: Launching Executing install in C__Users_abhishek.mr_Downloads_TaskManagerProject_TaskManagerProject] INFO  o.eclipse.m2e.core.internal.Bundles - getClasspathEntries(Bundle=org.eclipse.m2e.maven.runtime_3.9.900.20250220-2013 [2395])
2025-09-03 09:53:26,500 [Worker-7: Launching Executing install in C__Users_abhishek.mr_Downloads_TaskManagerProject_TaskManagerProject] INFO  o.eclipse.m2e.core.internal.Bundles - 	Entry: C:\Users\abhishek.mr\.p2\pool\plugins\org.eclipse.m2e.maven.runtime_3.9.900.20250220-2013
2025-09-03 09:53:26,501 [Worker-7: Launching Executing install in C__Users_abhishek.mr_Downloads_TaskManagerProject_TaskManagerProject] INFO  o.eclipse.m2e.core.internal.Bundles - 	Entry: C:\Users\abhishek.mr\.p2\pool\plugins\org.eclipse.m2e.maven.runtime_3.9.900.20250220-2013\jars\aopalliance-1.0.jar
2025-09-03 09:53:26,503 [Worker-7: Launching Executing install in C__Users_abhishek.mr_Downloads_TaskManagerProject_TaskManagerProject] INFO  o.eclipse.m2e.core.internal.Bundles - 	Entry: C:\Users\abhishek.mr\.p2\pool\plugins\org.eclipse.m2e.maven.runtime_3.9.900.20250220-2013\jars\guice-5.1.0.jar
2025-09-03 09:53:26,504 [Worker-7: Launching Executing install in C__Users_abhishek.mr_Downloads_TaskManagerProject_TaskManagerProject] INFO  o.eclipse.m2e.core.internal.Bundles - 	Entry: C:\Users\abhishek.mr\.p2\pool\plugins\org.eclipse.m2e.maven.runtime_3.9.900.20250220-2013\jars\httpclient-4.5.14.jar
2025-09-03 09:53:26,505 [Worker-7: Launching Executing install in C__Users_abhishek.mr_Downloads_TaskManagerProject_TaskManagerProject] INFO  o.eclipse.m2e.core.internal.Bundles - 	Entry: C:\Users\abhishek.mr\.p2\pool\plugins\org.eclipse.m2e.maven.runtime_3.9.900.20250220-2013\jars\httpcore-4.4.16.jar
2025-09-03 09:53:26,506 [Worker-7: Launching Executing install in C__Users_abhishek.mr_Downloads_TaskManagerProject_TaskManagerProject] INFO  o.eclipse.m2e.core.internal.Bundles - 	Entry: C:\Users\abhishek.mr\.p2\pool\plugins\org.eclipse.m2e.maven.runtime_3.9.900.20250220-2013\jars\jansi-2.4.1.jar
2025-09-03 09:53:26,507 [Worker-7: Launching Executing install in C__Users_abhishek.mr_Downloads_TaskManagerProject_TaskManagerProject] INFO  o.eclipse.m2e.core.internal.Bundles - 	Entry: C:\Users\abhishek.mr\.p2\pool\plugins\org.eclipse.m2e.maven.runtime_3.9.900.20250220-2013\jars\jcl-over-slf4j-1.7.36.jar
2025-09-03 09:53:26,509 [Worker-7: Launching Executing install in C__Users_abhishek.mr_Downloads_TaskManagerProject_TaskManagerProject] INFO  o.eclipse.m2e.core.internal.Bundles - 	Entry: C:\Users\abhishek.mr\.p2\pool\plugins\org.eclipse.m2e.maven.runtime_3.9.900.20250220-2013\jars\maven-artifact-3.9.9.jar
2025-09-03 09:53:26,510 [Worker-7: Launching Executing install in C__Users_abhishek.mr_Downloads_TaskManagerProject_TaskManagerProject] INFO  o.eclipse.m2e.core.internal.Bundles - 	Entry: C:\Users\abhishek.mr\.p2\pool\plugins\org.eclipse.m2e.maven.runtime_3.9.900.20250220-2013\jars\maven-builder-support-3.9.9.jar
2025-09-03 09:53:26,512 [Worker-7: Launching Executing install in C__Users_abhishek.mr_Downloads_TaskManagerProject_TaskManagerProject] INFO  o.eclipse.m2e.core.internal.Bundles - 	Entry: C:\Users\abhishek.mr\.p2\pool\plugins\org.eclipse.m2e.maven.runtime_3.9.900.20250220-2013\jars\maven-compat-3.9.9.jar
2025-09-03 09:53:26,513 [Worker-7: Launching Executing install in C__Users_abhishek.mr_Downloads_TaskManagerProject_TaskManagerProject] INFO  o.eclipse.m2e.core.internal.Bundles - 	Entry: C:\Users\abhishek.mr\.p2\pool\plugins\org.eclipse.m2e.maven.runtime_3.9.900.20250220-2013\jars\maven-core-3.9.9.jar
2025-09-03 09:53:26,515 [Worker-7: Launching Executing install in C__Users_abhishek.mr_Downloads_TaskManagerProject_TaskManagerProject] INFO  o.eclipse.m2e.core.internal.Bundles - 	Entry: C:\Users\abhishek.mr\.p2\pool\plugins\org.eclipse.m2e.maven.runtime_3.9.900.20250220-2013\jars\maven-embedder-3.9.9.jar
2025-09-03 09:53:26,516 [Worker-7: Launching Executing install in C__Users_abhishek.mr_Downloads_TaskManagerProject_TaskManagerProject] INFO  o.eclipse.m2e.core.internal.Bundles - 	Entry: C:\Users\abhishek.mr\.p2\pool\plugins\org.eclipse.m2e.maven.runtime_3.9.900.20250220-2013\jars\maven-model-3.9.9.jar
2025-09-03 09:53:26,517 [Worker-7: Launching Executing install in C__Users_abhishek.mr_Downloads_TaskManagerProject_TaskManagerProject] INFO  o.eclipse.m2e.core.internal.Bundles - 	Entry: C:\Users\abhishek.mr\.p2\pool\plugins\org.eclipse.m2e.maven.runtime_3.9.900.20250220-2013\jars\maven-model-builder-3.9.9.jar
2025-09-03 09:53:26,518 [Worker-7: Launching Executing install in C__Users_abhishek.mr_Downloads_TaskManagerProject_TaskManagerProject] INFO  o.eclipse.m2e.core.internal.Bundles - 	Entry: C:\Users\abhishek.mr\.p2\pool\plugins\org.eclipse.m2e.maven.runtime_3.9.900.20250220-2013\jars\maven-plugin-api-3.9.9.jar
2025-09-03 09:53:26,519 [Worker-7: Launching Executing install in C__Users_abhishek.mr_Downloads_TaskManagerProject_TaskManagerProject] INFO  o.eclipse.m2e.core.internal.Bundles - 	Entry: C:\Users\abhishek.mr\.p2\pool\plugins\org.eclipse.m2e.maven.runtime_3.9.900.20250220-2013\jars\maven-repository-metadata-3.9.9.jar
2025-09-03 09:53:26,520 [Worker-7: Launching Executing install in C__Users_abhishek.mr_Downloads_TaskManagerProject_TaskManagerProject] INFO  o.eclipse.m2e.core.internal.Bundles - 	Entry: C:\Users\abhishek.mr\.p2\pool\plugins\org.eclipse.m2e.maven.runtime_3.9.900.20250220-2013\jars\maven-resolver-api-1.9.22.jar
2025-09-03 09:53:26,522 [Worker-7: Launching Executing install in C__Users_abhishek.mr_Downloads_TaskManagerProject_TaskManagerProject] INFO  o.eclipse.m2e.core.internal.Bundles - 	Entry: C:\Users\abhishek.mr\.p2\pool\plugins\org.eclipse.m2e.maven.runtime_3.9.900.20250220-2013\jars\maven-resolver-connector-basic-1.9.22.jar
2025-09-03 09:53:26,523 [Worker-7: Launching Executing install in C__Users_abhishek.mr_Downloads_TaskManagerProject_TaskManagerProject] INFO  o.eclipse.m2e.core.internal.Bundles - 	Entry: C:\Users\abhishek.mr\.p2\pool\plugins\org.eclipse.m2e.maven.runtime_3.9.900.20250220-2013\jars\maven-resolver-impl-1.9.22.jar
2025-09-03 09:53:26,524 [Worker-7: Launching Executing install in C__Users_abhishek.mr_Downloads_TaskManagerProject_TaskManagerProject] INFO  o.eclipse.m2e.core.internal.Bundles - 	Entry: C:\Users\abhishek.mr\.p2\pool\plugins\org.eclipse.m2e.maven.runtime_3.9.900.20250220-2013\jars\maven-resolver-named-locks-1.9.22.jar
2025-09-03 09:53:26,525 [Worker-7: Launching Executing install in C__Users_abhishek.mr_Downloads_TaskManagerProject_TaskManagerProject] INFO  o.eclipse.m2e.core.internal.Bundles - 	Entry: C:\Users\abhishek.mr\.p2\pool\plugins\org.eclipse.m2e.maven.runtime_3.9.900.20250220-2013\jars\maven-resolver-provider-3.9.9.jar
2025-09-03 09:53:26,526 [Worker-7: Launching Executing install in C__Users_abhishek.mr_Downloads_TaskManagerProject_TaskManagerProject] INFO  o.eclipse.m2e.core.internal.Bundles - 	Entry: C:\Users\abhishek.mr\.p2\pool\plugins\org.eclipse.m2e.maven.runtime_3.9.900.20250220-2013\jars\maven-resolver-spi-1.9.22.jar
2025-09-03 09:53:26,527 [Worker-7: Launching Executing install in C__Users_abhishek.mr_Downloads_TaskManagerProject_TaskManagerProject] INFO  o.eclipse.m2e.core.internal.Bundles - 	Entry: C:\Users\abhishek.mr\.p2\pool\plugins\org.eclipse.m2e.maven.runtime_3.9.900.20250220-2013\jars\maven-resolver-transport-file-1.9.22.jar
2025-09-03 09:53:26,528 [Worker-7: Launching Executing install in C__Users_abhishek.mr_Downloads_TaskManagerProject_TaskManagerProject] INFO  o.eclipse.m2e.core.internal.Bundles - 	Entry: C:\Users\abhishek.mr\.p2\pool\plugins\org.eclipse.m2e.maven.runtime_3.9.900.20250220-2013\jars\maven-resolver-transport-http-1.9.22.jar
2025-09-03 09:53:26,529 [Worker-7: Launching Executing install in C__Users_abhishek.mr_Downloads_TaskManagerProject_TaskManagerProject] INFO  o.eclipse.m2e.core.internal.Bundles - 	Entry: C:\Users\abhishek.mr\.p2\pool\plugins\org.eclipse.m2e.maven.runtime_3.9.900.20250220-2013\jars\maven-resolver-transport-wagon-1.9.22.jar
2025-09-03 09:53:26,530 [Worker-7: Launching Executing install in C__Users_abhishek.mr_Downloads_TaskManagerProject_TaskManagerProject] INFO  o.eclipse.m2e.core.internal.Bundles - 	Entry: C:\Users\abhishek.mr\.p2\pool\plugins\org.eclipse.m2e.maven.runtime_3.9.900.20250220-2013\jars\maven-resolver-util-1.9.22.jar
2025-09-03 09:53:26,531 [Worker-7: Launching Executing install in C__Users_abhishek.mr_Downloads_TaskManagerProject_TaskManagerProject] INFO  o.eclipse.m2e.core.internal.Bundles - 	Entry: C:\Users\abhishek.mr\.p2\pool\plugins\org.eclipse.m2e.maven.runtime_3.9.900.20250220-2013\jars\maven-settings-3.9.9.jar
2025-09-03 09:53:26,532 [Worker-7: Launching Executing install in C__Users_abhishek.mr_Downloads_TaskManagerProject_TaskManagerProject] INFO  o.eclipse.m2e.core.internal.Bundles - 	Entry: C:\Users\abhishek.mr\.p2\pool\plugins\org.eclipse.m2e.maven.runtime_3.9.900.20250220-2013\jars\maven-settings-builder-3.9.9.jar
2025-09-03 09:53:26,533 [Worker-7: Launching Executing install in C__Users_abhishek.mr_Downloads_TaskManagerProject_TaskManagerProject] INFO  o.eclipse.m2e.core.internal.Bundles - 	Entry: C:\Users\abhishek.mr\.p2\pool\plugins\org.eclipse.m2e.maven.runtime_3.9.900.20250220-2013\jars\maven-shared-utils-3.4.2.jar
2025-09-03 09:53:26,534 [Worker-7: Launching Executing install in C__Users_abhishek.mr_Downloads_TaskManagerProject_TaskManagerProject] INFO  o.eclipse.m2e.core.internal.Bundles - 	Entry: C:\Users\abhishek.mr\.p2\pool\plugins\org.eclipse.m2e.maven.runtime_3.9.900.20250220-2013\jars\org.eclipse.sisu.inject-0.9.0.M3.jar
2025-09-03 09:53:26,534 [Worker-7: Launching Executing install in C__Users_abhishek.mr_Downloads_TaskManagerProject_TaskManagerProject] INFO  o.eclipse.m2e.core.internal.Bundles - 	Entry: C:\Users\abhishek.mr\.p2\pool\plugins\org.eclipse.m2e.maven.runtime_3.9.900.20250220-2013\jars\org.eclipse.sisu.plexus-0.9.0.M3.jar
2025-09-03 09:53:26,535 [Worker-7: Launching Executing install in C__Users_abhishek.mr_Downloads_TaskManagerProject_TaskManagerProject] INFO  o.eclipse.m2e.core.internal.Bundles - 	Entry: C:\Users\abhishek.mr\.p2\pool\plugins\org.eclipse.m2e.maven.runtime_3.9.900.20250220-2013\jars\plexus-build-api-0.0.7.jar
2025-09-03 09:53:26,536 [Worker-7: Launching Executing install in C__Users_abhishek.mr_Downloads_TaskManagerProject_TaskManagerProject] INFO  o.eclipse.m2e.core.internal.Bundles - 	Entry: C:\Users\abhishek.mr\.p2\pool\plugins\org.eclipse.m2e.maven.runtime_3.9.900.20250220-2013\jars\plexus-build-api-1.2.0.jar
2025-09-03 09:53:26,536 [Worker-7: Launching Executing install in C__Users_abhishek.mr_Downloads_TaskManagerProject_TaskManagerProject] INFO  o.eclipse.m2e.core.internal.Bundles - 	Entry: C:\Users\abhishek.mr\.p2\pool\plugins\org.eclipse.m2e.maven.runtime_3.9.900.20250220-2013\jars\plexus-cipher-2.0.jar
2025-09-03 09:53:26,537 [Worker-7: Launching Executing install in C__Users_abhishek.mr_Downloads_TaskManagerProject_TaskManagerProject] INFO  o.eclipse.m2e.core.internal.Bundles - 	Entry: C:\Users\abhishek.mr\.p2\pool\plugins\org.eclipse.m2e.maven.runtime_3.9.900.20250220-2013\jars\plexus-classworlds-2.8.0.jar
2025-09-03 09:53:26,538 [Worker-7: Launching Executing install in C__Users_abhishek.mr_Downloads_TaskManagerProject_TaskManagerProject] INFO  o.eclipse.m2e.core.internal.Bundles - 	Entry: C:\Users\abhishek.mr\.p2\pool\plugins\org.eclipse.m2e.maven.runtime_3.9.900.20250220-2013\jars\plexus-component-annotations-2.1.0.jar
2025-09-03 09:53:26,538 [Worker-7: Launching Executing install in C__Users_abhishek.mr_Downloads_TaskManagerProject_TaskManagerProject] INFO  o.eclipse.m2e.core.internal.Bundles - 	Entry: C:\Users\abhishek.mr\.p2\pool\plugins\org.eclipse.m2e.maven.runtime_3.9.900.20250220-2013\jars\plexus-interpolation-1.27.jar
2025-09-03 09:53:26,538 [Worker-7: Launching Executing install in C__Users_abhishek.mr_Downloads_TaskManagerProject_TaskManagerProject] INFO  o.eclipse.m2e.core.internal.Bundles - 	Entry: C:\Users\abhishek.mr\.p2\pool\plugins\org.eclipse.m2e.maven.runtime_3.9.900.20250220-2013\jars\plexus-sec-dispatcher-2.0.jar
2025-09-03 09:53:26,539 [Worker-7: Launching Executing install in C__Users_abhishek.mr_Downloads_TaskManagerProject_TaskManagerProject] INFO  o.eclipse.m2e.core.internal.Bundles - 	Entry: C:\Users\abhishek.mr\.p2\pool\plugins\org.eclipse.m2e.maven.runtime_3.9.900.20250220-2013\jars\plexus-utils-3.5.1.jar
2025-09-03 09:53:26,539 [Worker-7: Launching Executing install in C__Users_abhishek.mr_Downloads_TaskManagerProject_TaskManagerProject] INFO  o.eclipse.m2e.core.internal.Bundles - 	Entry: C:\Users\abhishek.mr\.p2\pool\plugins\org.eclipse.m2e.maven.runtime_3.9.900.20250220-2013\jars\plexus-xml-3.0.1.jar
2025-09-03 09:53:26,540 [Worker-7: Launching Executing install in C__Users_abhishek.mr_Downloads_TaskManagerProject_TaskManagerProject] INFO  o.eclipse.m2e.core.internal.Bundles - 	Entry: C:\Users\abhishek.mr\.p2\pool\plugins\org.eclipse.m2e.maven.runtime_3.9.900.20250220-2013\jars\wagon-file-3.5.3.jar
2025-09-03 09:53:26,540 [Worker-7: Launching Executing install in C__Users_abhishek.mr_Downloads_TaskManagerProject_TaskManagerProject] INFO  o.eclipse.m2e.core.internal.Bundles - 	Entry: C:\Users\abhishek.mr\.p2\pool\plugins\org.eclipse.m2e.maven.runtime_3.9.900.20250220-2013\jars\wagon-http-3.5.3.jar
2025-09-03 09:53:26,541 [Worker-7: Launching Executing install in C__Users_abhishek.mr_Downloads_TaskManagerProject_TaskManagerProject] INFO  o.eclipse.m2e.core.internal.Bundles - 	Entry: C:\Users\abhishek.mr\.p2\pool\plugins\org.eclipse.m2e.maven.runtime_3.9.900.20250220-2013\jars\wagon-http-shared-3.5.3.jar
2025-09-03 09:53:26,541 [Worker-7: Launching Executing install in C__Users_abhishek.mr_Downloads_TaskManagerProject_TaskManagerProject] INFO  o.eclipse.m2e.core.internal.Bundles - 	Entry: C:\Users\abhishek.mr\.p2\pool\plugins\org.eclipse.m2e.maven.runtime_3.9.900.20250220-2013\jars\wagon-provider-api-3.5.3.jar
2025-09-03 09:53:26,542 [Worker-7: Launching Executing install in C__Users_abhishek.mr_Downloads_TaskManagerProject_TaskManagerProject] INFO  o.eclipse.m2e.core.internal.Bundles - getClasspathEntries(Bundle=com.google.guava_33.4.8.jre [1768])
2025-09-03 09:53:26,545 [Worker-7: Launching Executing install in C__Users_abhishek.mr_Downloads_TaskManagerProject_TaskManagerProject] INFO  o.eclipse.m2e.core.internal.Bundles - 	Entry: C:\Users\abhishek.mr\.p2\pool\plugins\com.google.guava_33.4.8.jre.jar
2025-09-03 09:53:26,546 [Worker-7: Launching Executing install in C__Users_abhishek.mr_Downloads_TaskManagerProject_TaskManagerProject] INFO  o.eclipse.m2e.core.internal.Bundles - getClasspathEntries(Bundle=slf4j.api_2.0.17 [2802])
2025-09-03 09:53:26,548 [Worker-7: Launching Executing install in C__Users_abhishek.mr_Downloads_TaskManagerProject_TaskManagerProject] INFO  o.eclipse.m2e.core.internal.Bundles - 	Entry: C:\Users\abhishek.mr\.p2\pool\plugins\slf4j.api_2.0.17.jar
2025-09-03 09:53:26,549 [Worker-7: Launching Executing install in C__Users_abhishek.mr_Downloads_TaskManagerProject_TaskManagerProject] INFO  o.eclipse.m2e.core.internal.Bundles - getClasspathEntries(Bundle=jakarta.inject.jakarta.inject-api_1.0.5 [1785])
2025-09-03 09:53:26,552 [Worker-7: Launching Executing install in C__Users_abhishek.mr_Downloads_TaskManagerProject_TaskManagerProject] INFO  o.eclipse.m2e.core.internal.Bundles - 	Entry: C:\Users\abhishek.mr\.p2\pool\plugins\jakarta.inject.jakarta.inject-api_1.0.5.jar
2025-09-03 09:53:26,552 [Worker-7: Launching Executing install in C__Users_abhishek.mr_Downloads_TaskManagerProject_TaskManagerProject] INFO  o.eclipse.m2e.core.internal.Bundles - getClasspathEntries(Bundle=javax.annotation_1.3.5.v20200909-1856 [1797])
2025-09-03 09:53:26,554 [Worker-7: Launching Executing install in C__Users_abhishek.mr_Downloads_TaskManagerProject_TaskManagerProject] INFO  o.eclipse.m2e.core.internal.Bundles - 	Entry: C:\Users\abhishek.mr\.p2\pool\plugins\javax.annotation_1.3.5.v20200909-1856.jar
2025-09-03 09:53:26,555 [Worker-7: Launching Executing install in C__Users_abhishek.mr_Downloads_TaskManagerProject_TaskManagerProject] INFO  o.eclipse.m2e.core.internal.Bundles - getClasspathEntries(Bundle=org.apache.commons.cli_1.9.0 [1830])
2025-09-03 09:53:26,557 [Worker-7: Launching Executing install in C__Users_abhishek.mr_Downloads_TaskManagerProject_TaskManagerProject] INFO  o.eclipse.m2e.core.internal.Bundles - 	Entry: C:\Users\abhishek.mr\.p2\pool\plugins\org.apache.commons.cli_1.9.0.jar
2025-09-03 09:53:26,558 [Worker-7: Launching Executing install in C__Users_abhishek.mr_Downloads_TaskManagerProject_TaskManagerProject] INFO  o.eclipse.m2e.core.internal.Bundles - getClasspathEntries(Bundle=org.apache.commons.commons-codec_1.19.0 [1832])
2025-09-03 09:53:26,561 [Worker-7: Launching Executing install in C__Users_abhishek.mr_Downloads_TaskManagerProject_TaskManagerProject] INFO  o.eclipse.m2e.core.internal.Bundles - 	Entry: C:\Users\abhishek.mr\.p2\pool\plugins\org.apache.commons.commons-codec_1.19.0.jar
2025-09-03 09:53:26,561 [Worker-7: Launching Executing install in C__Users_abhishek.mr_Downloads_TaskManagerProject_TaskManagerProject] INFO  o.eclipse.m2e.core.internal.Bundles - getClasspathEntries(Bundle=com.google.guava.failureaccess_1.0.3 [1769])
2025-09-03 09:53:26,564 [Worker-7: Launching Executing install in C__Users_abhishek.mr_Downloads_TaskManagerProject_TaskManagerProject] INFO  o.eclipse.m2e.core.internal.Bundles - 	Entry: C:\Users\abhishek.mr\.p2\pool\plugins\com.google.guava.failureaccess_1.0.3.jar
2025-09-03 09:53:26,570 [Worker-7: Launching Executing install in C__Users_abhishek.mr_Downloads_TaskManagerProject_TaskManagerProject] INFO  o.e.m.i.launch.MavenLaunchDelegate - Run build in "C:\Users\abhishek.mr\Downloads\TaskManagerProject\TaskManagerProject":
2025-09-03 09:53:26,570 [Worker-7: Launching Executing install in C__Users_abhishek.mr_Downloads_TaskManagerProject_TaskManagerProject] INFO  o.e.m.i.launch.MavenLaunchDelegate -  mvn  -B -Dstyle.color=always install
2025-09-03 09:53:48,354 [Worker-0: Building] INFO  o.a.m.s.f.DefaultMavenResourcesFiltering - Copying 0 resource from src\main\resources to target\classes
2025-09-03 09:53:48,360 [Worker-0: Building] INFO  o.a.m.s.f.DefaultMavenResourcesFiltering - Copying 0 resource from src\main\resources to target\classes
2025-09-03 09:53:48,368 [Worker-0: Building] INFO  o.a.m.s.f.DefaultMavenResourcesFiltering - skip non existing resourceDirectory C:\Users\abhishek.mr\Downloads\TaskManagerProject\TaskManagerProject\src\test\resources
2025-09-03 09:53:49,858 [Worker-25: Launching Executing install in C__Users_abhishek.mr_Downloads_TaskManagerProject_TaskManagerProject] INFO  o.eclipse.m2e.core.internal.Bundles - getClasspathEntries(Bundle=org.eclipse.m2e.maven.runtime_3.9.900.20250220-2013 [2395])
2025-09-03 09:53:49,860 [Worker-25: Launching Executing install in C__Users_abhishek.mr_Downloads_TaskManagerProject_TaskManagerProject] INFO  o.eclipse.m2e.core.internal.Bundles - 	Entry: C:\Users\abhishek.mr\.p2\pool\plugins\org.eclipse.m2e.maven.runtime_3.9.900.20250220-2013
2025-09-03 09:53:49,861 [Worker-25: Launching Executing install in C__Users_abhishek.mr_Downloads_TaskManagerProject_TaskManagerProject] INFO  o.eclipse.m2e.core.internal.Bundles - 	Entry: C:\Users\abhishek.mr\.p2\pool\plugins\org.eclipse.m2e.maven.runtime_3.9.900.20250220-2013\jars\aopalliance-1.0.jar
2025-09-03 09:53:49,862 [Worker-25: Launching Executing install in C__Users_abhishek.mr_Downloads_TaskManagerProject_TaskManagerProject] INFO  o.eclipse.m2e.core.internal.Bundles - 	Entry: C:\Users\abhishek.mr\.p2\pool\plugins\org.eclipse.m2e.maven.runtime_3.9.900.20250220-2013\jars\guice-5.1.0.jar
2025-09-03 09:53:49,862 [Worker-25: Launching Executing install in C__Users_abhishek.mr_Downloads_TaskManagerProject_TaskManagerProject] INFO  o.eclipse.m2e.core.internal.Bundles - 	Entry: C:\Users\abhishek.mr\.p2\pool\plugins\org.eclipse.m2e.maven.runtime_3.9.900.20250220-2013\jars\httpclient-4.5.14.jar
2025-09-03 09:53:49,862 [Worker-25: Launching Executing install in C__Users_abhishek.mr_Downloads_TaskManagerProject_TaskManagerProject] INFO  o.eclipse.m2e.core.internal.Bundles - 	Entry: C:\Users\abhishek.mr\.p2\pool\plugins\org.eclipse.m2e.maven.runtime_3.9.900.20250220-2013\jars\httpcore-4.4.16.jar
2025-09-03 09:53:49,863 [Worker-25: Launching Executing install in C__Users_abhishek.mr_Downloads_TaskManagerProject_TaskManagerProject] INFO  o.eclipse.m2e.core.internal.Bundles - 	Entry: C:\Users\abhishek.mr\.p2\pool\plugins\org.eclipse.m2e.maven.runtime_3.9.900.20250220-2013\jars\jansi-2.4.1.jar
2025-09-03 09:53:49,863 [Worker-25: Launching Executing install in C__Users_abhishek.mr_Downloads_TaskManagerProject_TaskManagerProject] INFO  o.eclipse.m2e.core.internal.Bundles - 	Entry: C:\Users\abhishek.mr\.p2\pool\plugins\org.eclipse.m2e.maven.runtime_3.9.900.20250220-2013\jars\jcl-over-slf4j-1.7.36.jar
2025-09-03 09:53:49,864 [Worker-25: Launching Executing install in C__Users_abhishek.mr_Downloads_TaskManagerProject_TaskManagerProject] INFO  o.eclipse.m2e.core.internal.Bundles - 	Entry: C:\Users\abhishek.mr\.p2\pool\plugins\org.eclipse.m2e.maven.runtime_3.9.900.20250220-2013\jars\maven-artifact-3.9.9.jar
2025-09-03 09:53:49,864 [Worker-25: Launching Executing install in C__Users_abhishek.mr_Downloads_TaskManagerProject_TaskManagerProject] INFO  o.eclipse.m2e.core.internal.Bundles - 	Entry: C:\Users\abhishek.mr\.p2\pool\plugins\org.eclipse.m2e.maven.runtime_3.9.900.20250220-2013\jars\maven-builder-support-3.9.9.jar
2025-09-03 09:53:49,864 [Worker-25: Launching Executing install in C__Users_abhishek.mr_Downloads_TaskManagerProject_TaskManagerProject] INFO  o.eclipse.m2e.core.internal.Bundles - 	Entry: C:\Users\abhishek.mr\.p2\pool\plugins\org.eclipse.m2e.maven.runtime_3.9.900.20250220-2013\jars\maven-compat-3.9.9.jar
2025-09-03 09:53:49,865 [Worker-25: Launching Executing install in C__Users_abhishek.mr_Downloads_TaskManagerProject_TaskManagerProject] INFO  o.eclipse.m2e.core.internal.Bundles - 	Entry: C:\Users\abhishek.mr\.p2\pool\plugins\org.eclipse.m2e.maven.runtime_3.9.900.20250220-2013\jars\maven-core-3.9.9.jar
2025-09-03 09:53:49,865 [Worker-25: Launching Executing install in C__Users_abhishek.mr_Downloads_TaskManagerProject_TaskManagerProject] INFO  o.eclipse.m2e.core.internal.Bundles - 	Entry: C:\Users\abhishek.mr\.p2\pool\plugins\org.eclipse.m2e.maven.runtime_3.9.900.20250220-2013\jars\maven-embedder-3.9.9.jar
2025-09-03 09:53:49,866 [Worker-25: Launching Executing install in C__Users_abhishek.mr_Downloads_TaskManagerProject_TaskManagerProject] INFO  o.eclipse.m2e.core.internal.Bundles - 	Entry: C:\Users\abhishek.mr\.p2\pool\plugins\org.eclipse.m2e.maven.runtime_3.9.900.20250220-2013\jars\maven-model-3.9.9.jar
2025-09-03 09:53:49,866 [Worker-25: Launching Executing install in C__Users_abhishek.mr_Downloads_TaskManagerProject_TaskManagerProject] INFO  o.eclipse.m2e.core.internal.Bundles - 	Entry: C:\Users\abhishek.mr\.p2\pool\plugins\org.eclipse.m2e.maven.runtime_3.9.900.20250220-2013\jars\maven-model-builder-3.9.9.jar
2025-09-03 09:53:49,867 [Worker-25: Launching Executing install in C__Users_abhishek.mr_Downloads_TaskManagerProject_TaskManagerProject] INFO  o.eclipse.m2e.core.internal.Bundles - 	Entry: C:\Users\abhishek.mr\.p2\pool\plugins\org.eclipse.m2e.maven.runtime_3.9.900.20250220-2013\jars\maven-plugin-api-3.9.9.jar
2025-09-03 09:53:49,867 [Worker-25: Launching Executing install in C__Users_abhishek.mr_Downloads_TaskManagerProject_TaskManagerProject] INFO  o.eclipse.m2e.core.internal.Bundles - 	Entry: C:\Users\abhishek.mr\.p2\pool\plugins\org.eclipse.m2e.maven.runtime_3.9.900.20250220-2013\jars\maven-repository-metadata-3.9.9.jar
2025-09-03 09:53:49,868 [Worker-25: Launching Executing install in C__Users_abhishek.mr_Downloads_TaskManagerProject_TaskManagerProject] INFO  o.eclipse.m2e.core.internal.Bundles - 	Entry: C:\Users\abhishek.mr\.p2\pool\plugins\org.eclipse.m2e.maven.runtime_3.9.900.20250220-2013\jars\maven-resolver-api-1.9.22.jar
2025-09-03 09:53:49,868 [Worker-25: Launching Executing install in C__Users_abhishek.mr_Downloads_TaskManagerProject_TaskManagerProject] INFO  o.eclipse.m2e.core.internal.Bundles - 	Entry: C:\Users\abhishek.mr\.p2\pool\plugins\org.eclipse.m2e.maven.runtime_3.9.900.20250220-2013\jars\maven-resolver-connector-basic-1.9.22.jar
2025-09-03 09:53:49,869 [Worker-25: Launching Executing install in C__Users_abhishek.mr_Downloads_TaskManagerProject_TaskManagerProject] INFO  o.eclipse.m2e.core.internal.Bundles - 	Entry: C:\Users\abhishek.mr\.p2\pool\plugins\org.eclipse.m2e.maven.runtime_3.9.900.20250220-2013\jars\maven-resolver-impl-1.9.22.jar
2025-09-03 09:53:49,870 [Worker-25: Launching Executing install in C__Users_abhishek.mr_Downloads_TaskManagerProject_TaskManagerProject] INFO  o.eclipse.m2e.core.internal.Bundles - 	Entry: C:\Users\abhishek.mr\.p2\pool\plugins\org.eclipse.m2e.maven.runtime_3.9.900.20250220-2013\jars\maven-resolver-named-locks-1.9.22.jar
2025-09-03 09:53:49,871 [Worker-25: Launching Executing install in C__Users_abhishek.mr_Downloads_TaskManagerProject_TaskManagerProject] INFO  o.eclipse.m2e.core.internal.Bundles - 	Entry: C:\Users\abhishek.mr\.p2\pool\plugins\org.eclipse.m2e.maven.runtime_3.9.900.20250220-2013\jars\maven-resolver-provider-3.9.9.jar
2025-09-03 09:53:49,871 [Worker-25: Launching Executing install in C__Users_abhishek.mr_Downloads_TaskManagerProject_TaskManagerProject] INFO  o.eclipse.m2e.core.internal.Bundles - 	Entry: C:\Users\abhishek.mr\.p2\pool\plugins\org.eclipse.m2e.maven.runtime_3.9.900.20250220-2013\jars\maven-resolver-spi-1.9.22.jar
2025-09-03 09:53:49,872 [Worker-25: Launching Executing install in C__Users_abhishek.mr_Downloads_TaskManagerProject_TaskManagerProject] INFO  o.eclipse.m2e.core.internal.Bundles - 	Entry: C:\Users\abhishek.mr\.p2\pool\plugins\org.eclipse.m2e.maven.runtime_3.9.900.20250220-2013\jars\maven-resolver-transport-file-1.9.22.jar
2025-09-03 09:53:49,873 [Worker-25: Launching Executing install in C__Users_abhishek.mr_Downloads_TaskManagerProject_TaskManagerProject] INFO  o.eclipse.m2e.core.internal.Bundles - 	Entry: C:\Users\abhishek.mr\.p2\pool\plugins\org.eclipse.m2e.maven.runtime_3.9.900.20250220-2013\jars\maven-resolver-transport-http-1.9.22.jar
2025-09-03 09:53:49,873 [Worker-25: Launching Executing install in C__Users_abhishek.mr_Downloads_TaskManagerProject_TaskManagerProject] INFO  o.eclipse.m2e.core.internal.Bundles - 	Entry: C:\Users\abhishek.mr\.p2\pool\plugins\org.eclipse.m2e.maven.runtime_3.9.900.20250220-2013\jars\maven-resolver-transport-wagon-1.9.22.jar
2025-09-03 09:53:49,874 [Worker-25: Launching Executing install in C__Users_abhishek.mr_Downloads_TaskManagerProject_TaskManagerProject] INFO  o.eclipse.m2e.core.internal.Bundles - 	Entry: C:\Users\abhishek.mr\.p2\pool\plugins\org.eclipse.m2e.maven.runtime_3.9.900.20250220-2013\jars\maven-resolver-util-1.9.22.jar
2025-09-03 09:53:49,874 [Worker-25: Launching Executing install in C__Users_abhishek.mr_Downloads_TaskManagerProject_TaskManagerProject] INFO  o.eclipse.m2e.core.internal.Bundles - 	Entry: C:\Users\abhishek.mr\.p2\pool\plugins\org.eclipse.m2e.maven.runtime_3.9.900.20250220-2013\jars\maven-settings-3.9.9.jar
2025-09-03 09:53:49,874 [Worker-25: Launching Executing install in C__Users_abhishek.mr_Downloads_TaskManagerProject_TaskManagerProject] INFO  o.eclipse.m2e.core.internal.Bundles - 	Entry: C:\Users\abhishek.mr\.p2\pool\plugins\org.eclipse.m2e.maven.runtime_3.9.900.20250220-2013\jars\maven-settings-builder-3.9.9.jar
2025-09-03 09:53:49,875 [Worker-25: Launching Executing install in C__Users_abhishek.mr_Downloads_TaskManagerProject_TaskManagerProject] INFO  o.eclipse.m2e.core.internal.Bundles - 	Entry: C:\Users\abhishek.mr\.p2\pool\plugins\org.eclipse.m2e.maven.runtime_3.9.900.20250220-2013\jars\maven-shared-utils-3.4.2.jar
2025-09-03 09:53:49,875 [Worker-25: Launching Executing install in C__Users_abhishek.mr_Downloads_TaskManagerProject_TaskManagerProject] INFO  o.eclipse.m2e.core.internal.Bundles - 	Entry: C:\Users\abhishek.mr\.p2\pool\plugins\org.eclipse.m2e.maven.runtime_3.9.900.20250220-2013\jars\org.eclipse.sisu.inject-0.9.0.M3.jar
2025-09-03 09:53:49,876 [Worker-25: Launching Executing install in C__Users_abhishek.mr_Downloads_TaskManagerProject_TaskManagerProject] INFO  o.eclipse.m2e.core.internal.Bundles - 	Entry: C:\Users\abhishek.mr\.p2\pool\plugins\org.eclipse.m2e.maven.runtime_3.9.900.20250220-2013\jars\org.eclipse.sisu.plexus-0.9.0.M3.jar
2025-09-03 09:53:49,877 [Worker-25: Launching Executing install in C__Users_abhishek.mr_Downloads_TaskManagerProject_TaskManagerProject] INFO  o.eclipse.m2e.core.internal.Bundles - 	Entry: C:\Users\abhishek.mr\.p2\pool\plugins\org.eclipse.m2e.maven.runtime_3.9.900.20250220-2013\jars\plexus-build-api-0.0.7.jar
2025-09-03 09:53:49,877 [Worker-25: Launching Executing install in C__Users_abhishek.mr_Downloads_TaskManagerProject_TaskManagerProject] INFO  o.eclipse.m2e.core.internal.Bundles - 	Entry: C:\Users\abhishek.mr\.p2\pool\plugins\org.eclipse.m2e.maven.runtime_3.9.900.20250220-2013\jars\plexus-build-api-1.2.0.jar
2025-09-03 09:53:49,878 [Worker-25: Launching Executing install in C__Users_abhishek.mr_Downloads_TaskManagerProject_TaskManagerProject] INFO  o.eclipse.m2e.core.internal.Bundles - 	Entry: C:\Users\abhishek.mr\.p2\pool\plugins\org.eclipse.m2e.maven.runtime_3.9.900.20250220-2013\jars\plexus-cipher-2.0.jar
2025-09-03 09:53:49,879 [Worker-25: Launching Executing install in C__Users_abhishek.mr_Downloads_TaskManagerProject_TaskManagerProject] INFO  o.eclipse.m2e.core.internal.Bundles - 	Entry: C:\Users\abhishek.mr\.p2\pool\plugins\org.eclipse.m2e.maven.runtime_3.9.900.20250220-2013\jars\plexus-classworlds-2.8.0.jar
2025-09-03 09:53:49,879 [Worker-25: Launching Executing install in C__Users_abhishek.mr_Downloads_TaskManagerProject_TaskManagerProject] INFO  o.eclipse.m2e.core.internal.Bundles - 	Entry: C:\Users\abhishek.mr\.p2\pool\plugins\org.eclipse.m2e.maven.runtime_3.9.900.20250220-2013\jars\plexus-component-annotations-2.1.0.jar
2025-09-03 09:53:49,880 [Worker-25: Launching Executing install in C__Users_abhishek.mr_Downloads_TaskManagerProject_TaskManagerProject] INFO  o.eclipse.m2e.core.internal.Bundles - 	Entry: C:\Users\abhishek.mr\.p2\pool\plugins\org.eclipse.m2e.maven.runtime_3.9.900.20250220-2013\jars\plexus-interpolation-1.27.jar
2025-09-03 09:53:49,880 [Worker-25: Launching Executing install in C__Users_abhishek.mr_Downloads_TaskManagerProject_TaskManagerProject] INFO  o.eclipse.m2e.core.internal.Bundles - 	Entry: C:\Users\abhishek.mr\.p2\pool\plugins\org.eclipse.m2e.maven.runtime_3.9.900.20250220-2013\jars\plexus-sec-dispatcher-2.0.jar
2025-09-03 09:53:49,881 [Worker-25: Launching Executing install in C__Users_abhishek.mr_Downloads_TaskManagerProject_TaskManagerProject] INFO  o.eclipse.m2e.core.internal.Bundles - 	Entry: C:\Users\abhishek.mr\.p2\pool\plugins\org.eclipse.m2e.maven.runtime_3.9.900.20250220-2013\jars\plexus-utils-3.5.1.jar
2025-09-03 09:53:49,881 [Worker-25: Launching Executing install in C__Users_abhishek.mr_Downloads_TaskManagerProject_TaskManagerProject] INFO  o.eclipse.m2e.core.internal.Bundles - 	Entry: C:\Users\abhishek.mr\.p2\pool\plugins\org.eclipse.m2e.maven.runtime_3.9.900.20250220-2013\jars\plexus-xml-3.0.1.jar
2025-09-03 09:53:49,882 [Worker-25: Launching Executing install in C__Users_abhishek.mr_Downloads_TaskManagerProject_TaskManagerProject] INFO  o.eclipse.m2e.core.internal.Bundles - 	Entry: C:\Users\abhishek.mr\.p2\pool\plugins\org.eclipse.m2e.maven.runtime_3.9.900.20250220-2013\jars\wagon-file-3.5.3.jar
2025-09-03 09:53:49,883 [Worker-25: Launching Executing install in C__Users_abhishek.mr_Downloads_TaskManagerProject_TaskManagerProject] INFO  o.eclipse.m2e.core.internal.Bundles - 	Entry: C:\Users\abhishek.mr\.p2\pool\plugins\org.eclipse.m2e.maven.runtime_3.9.900.20250220-2013\jars\wagon-http-3.5.3.jar
2025-09-03 09:53:49,883 [Worker-25: Launching Executing install in C__Users_abhishek.mr_Downloads_TaskManagerProject_TaskManagerProject] INFO  o.eclipse.m2e.core.internal.Bundles - 	Entry: C:\Users\abhishek.mr\.p2\pool\plugins\org.eclipse.m2e.maven.runtime_3.9.900.20250220-2013\jars\wagon-http-shared-3.5.3.jar
2025-09-03 09:53:49,884 [Worker-25: Launching Executing install in C__Users_abhishek.mr_Downloads_TaskManagerProject_TaskManagerProject] INFO  o.eclipse.m2e.core.internal.Bundles - 	Entry: C:\Users\abhishek.mr\.p2\pool\plugins\org.eclipse.m2e.maven.runtime_3.9.900.20250220-2013\jars\wagon-provider-api-3.5.3.jar
2025-09-03 09:53:49,885 [Worker-25: Launching Executing install in C__Users_abhishek.mr_Downloads_TaskManagerProject_TaskManagerProject] INFO  o.eclipse.m2e.core.internal.Bundles - getClasspathEntries(Bundle=com.google.guava_33.4.8.jre [1768])
2025-09-03 09:53:49,888 [Worker-25: Launching Executing install in C__Users_abhishek.mr_Downloads_TaskManagerProject_TaskManagerProject] INFO  o.eclipse.m2e.core.internal.Bundles - 	Entry: C:\Users\abhishek.mr\.p2\pool\plugins\com.google.guava_33.4.8.jre.jar
2025-09-03 09:53:49,888 [Worker-25: Launching Executing install in C__Users_abhishek.mr_Downloads_TaskManagerProject_TaskManagerProject] INFO  o.eclipse.m2e.core.internal.Bundles - getClasspathEntries(Bundle=slf4j.api_2.0.17 [2802])
2025-09-03 09:53:49,890 [Worker-25: Launching Executing install in C__Users_abhishek.mr_Downloads_TaskManagerProject_TaskManagerProject] INFO  o.eclipse.m2e.core.internal.Bundles - 	Entry: C:\Users\abhishek.mr\.p2\pool\plugins\slf4j.api_2.0.17.jar
2025-09-03 09:53:49,890 [Worker-25: Launching Executing install in C__Users_abhishek.mr_Downloads_TaskManagerProject_TaskManagerProject] INFO  o.eclipse.m2e.core.internal.Bundles - getClasspathEntries(Bundle=jakarta.inject.jakarta.inject-api_1.0.5 [1785])
2025-09-03 09:53:49,892 [Worker-25: Launching Executing install in C__Users_abhishek.mr_Downloads_TaskManagerProject_TaskManagerProject] INFO  o.eclipse.m2e.core.internal.Bundles - 	Entry: C:\Users\abhishek.mr\.p2\pool\plugins\jakarta.inject.jakarta.inject-api_1.0.5.jar
2025-09-03 09:53:49,892 [Worker-25: Launching Executing install in C__Users_abhishek.mr_Downloads_TaskManagerProject_TaskManagerProject] INFO  o.eclipse.m2e.core.internal.Bundles - getClasspathEntries(Bundle=javax.annotation_1.3.5.v20200909-1856 [1797])
2025-09-03 09:53:49,894 [Worker-25: Launching Executing install in C__Users_abhishek.mr_Downloads_TaskManagerProject_TaskManagerProject] INFO  o.eclipse.m2e.core.internal.Bundles - 	Entry: C:\Users\abhishek.mr\.p2\pool\plugins\javax.annotation_1.3.5.v20200909-1856.jar
2025-09-03 09:53:49,895 [Worker-25: Launching Executing install in C__Users_abhishek.mr_Downloads_TaskManagerProject_TaskManagerProject] INFO  o.eclipse.m2e.core.internal.Bundles - getClasspathEntries(Bundle=org.apache.commons.cli_1.9.0 [1830])
2025-09-03 09:53:49,896 [Worker-25: Launching Executing install in C__Users_abhishek.mr_Downloads_TaskManagerProject_TaskManagerProject] INFO  o.eclipse.m2e.core.internal.Bundles - 	Entry: C:\Users\abhishek.mr\.p2\pool\plugins\org.apache.commons.cli_1.9.0.jar
2025-09-03 09:53:49,897 [Worker-25: Launching Executing install in C__Users_abhishek.mr_Downloads_TaskManagerProject_TaskManagerProject] INFO  o.eclipse.m2e.core.internal.Bundles - getClasspathEntries(Bundle=org.apache.commons.commons-codec_1.19.0 [1832])
2025-09-03 09:53:49,899 [Worker-25: Launching Executing install in C__Users_abhishek.mr_Downloads_TaskManagerProject_TaskManagerProject] INFO  o.eclipse.m2e.core.internal.Bundles - 	Entry: C:\Users\abhishek.mr\.p2\pool\plugins\org.apache.commons.commons-codec_1.19.0.jar
2025-09-03 09:53:49,899 [Worker-25: Launching Executing install in C__Users_abhishek.mr_Downloads_TaskManagerProject_TaskManagerProject] INFO  o.eclipse.m2e.core.internal.Bundles - getClasspathEntries(Bundle=com.google.guava.failureaccess_1.0.3 [1769])
2025-09-03 09:53:49,901 [Worker-25: Launching Executing install in C__Users_abhishek.mr_Downloads_TaskManagerProject_TaskManagerProject] INFO  o.eclipse.m2e.core.internal.Bundles - 	Entry: C:\Users\abhishek.mr\.p2\pool\plugins\com.google.guava.failureaccess_1.0.3.jar
2025-09-03 09:53:49,907 [Worker-25: Launching Executing install in C__Users_abhishek.mr_Downloads_TaskManagerProject_TaskManagerProject] INFO  o.e.m.i.launch.MavenLaunchDelegate - Run build in "C:\Users\abhishek.mr\Downloads\TaskManagerProject\TaskManagerProject":
2025-09-03 09:53:49,907 [Worker-25: Launching Executing install in C__Users_abhishek.mr_Downloads_TaskManagerProject_TaskManagerProject] INFO  o.e.m.i.launch.MavenLaunchDelegate -  mvn  -B -Dstyle.color=always install
2025-09-03 09:54:52,365 [Worker-9: Building] INFO  o.a.m.s.f.DefaultMavenResourcesFiltering - Copying 1 resource from src\main\resources to target\classes
2025-09-03 09:54:52,395 [Worker-9: Building] INFO  o.a.m.s.f.DefaultMavenResourcesFiltering - Copying 0 resource from src\main\resources to target\classes
2025-09-03 09:54:52,403 [Worker-9: Building] INFO  o.a.m.s.f.DefaultMavenResourcesFiltering - skip non existing resourceDirectory C:\Users\abhishek.mr\Downloads\TaskManagerProject\TaskManagerProject\src\test\resources
2025-09-03 09:56:26,925 [Worker-17: Building] INFO  o.a.m.s.f.DefaultMavenResourcesFiltering - Copying 1 resource from src\main\resources to target\classes
2025-09-03 09:56:26,944 [Worker-17: Building] INFO  o.a.m.s.f.DefaultMavenResourcesFiltering - Copying 0 resource from src\main\resources to target\classes
2025-09-03 09:56:26,954 [Worker-17: Building] INFO  o.a.m.s.f.DefaultMavenResourcesFiltering - skip non existing resourceDirectory C:\Users\abhishek.mr\Downloads\TaskManagerProject\TaskManagerProject\src\test\resources
2025-09-03 09:56:40,308 [Worker-15: Building] INFO  o.a.m.s.f.DefaultMavenResourcesFiltering - Copying 1 resource from src\main\resources to target\classes
2025-09-03 09:56:40,329 [Worker-15: Building] INFO  o.a.m.s.f.DefaultMavenResourcesFiltering - Copying 0 resource from src\main\resources to target\classes
2025-09-03 09:56:40,340 [Worker-15: Building] INFO  o.a.m.s.f.DefaultMavenResourcesFiltering - skip non existing resourceDirectory C:\Users\abhishek.mr\Downloads\TaskManagerProject\TaskManagerProject\src\test\resources
2025-09-03 09:56:52,753 [Worker-5: Building] INFO  o.a.m.s.f.DefaultMavenResourcesFiltering - Copying 1 resource from src\main\resources to target\classes
2025-09-03 09:56:52,784 [Worker-5: Building] INFO  o.a.m.s.f.DefaultMavenResourcesFiltering - Copying 0 resource from src\main\resources to target\classes
2025-09-03 09:56:52,793 [Worker-5: Building] INFO  o.a.m.s.f.DefaultMavenResourcesFiltering - skip non existing resourceDirectory C:\Users\abhishek.mr\Downloads\TaskManagerProject\TaskManagerProject\src\test\resources
2025-09-03 09:57:37,464 [Worker-19: Building] INFO  o.a.m.s.f.DefaultMavenResourcesFiltering - Copying 1 resource from src\main\resources to target\classes
2025-09-03 09:57:37,519 [Worker-19: Building] INFO  o.a.m.s.f.DefaultMavenResourcesFiltering - Copying 0 resource from src\main\resources to target\classes
2025-09-03 09:57:37,539 [Worker-19: Building] INFO  o.a.m.s.f.DefaultMavenResourcesFiltering - skip non existing resourceDirectory C:\Users\abhishek.mr\Downloads\TaskManagerProject\TaskManagerProject\src\test\resources
2025-09-03 09:59:33,600 [Worker-0: Building] INFO  o.a.m.s.f.DefaultMavenResourcesFiltering - Copying 1 resource from src\main\resources to target\classes
2025-09-03 09:59:33,619 [Worker-0: Building] INFO  o.a.m.s.f.DefaultMavenResourcesFiltering - Copying 0 resource from src\main\resources to target\classes
2025-09-03 09:59:33,627 [Worker-0: Building] INFO  o.a.m.s.f.DefaultMavenResourcesFiltering - skip non existing resourceDirectory C:\Users\abhishek.mr\Downloads\TaskManagerProject\TaskManagerProject\src\test\resources
2025-09-03 09:59:54,927 [Worker-4: Building] INFO  o.a.m.s.f.DefaultMavenResourcesFiltering - Copying 1 resource from src\main\resources to target\classes
2025-09-03 09:59:54,942 [Worker-4: Building] INFO  o.a.m.s.f.DefaultMavenResourcesFiltering - Copying 0 resource from src\main\resources to target\classes
2025-09-03 09:59:54,949 [Worker-4: Building] INFO  o.a.m.s.f.DefaultMavenResourcesFiltering - skip non existing resourceDirectory C:\Users\abhishek.mr\Downloads\TaskManagerProject\TaskManagerProject\src\test\resources
2025-09-03 10:00:36,888 [Worker-5: Building] INFO  o.a.m.s.f.DefaultMavenResourcesFiltering - Copying 1 resource from src\main\resources to target\classes
2025-09-03 10:00:36,916 [Worker-5: Building] INFO  o.a.m.s.f.DefaultMavenResourcesFiltering - Copying 0 resource from src\main\resources to target\classes
2025-09-03 10:00:36,924 [Worker-5: Building] INFO  o.a.m.s.f.DefaultMavenResourcesFiltering - skip non existing resourceDirectory C:\Users\abhishek.mr\Downloads\TaskManagerProject\TaskManagerProject\src\test\resources
2025-09-03 10:01:15,158 [Worker-4: Building] INFO  o.a.m.s.f.DefaultMavenResourcesFiltering - Copying 1 resource from src\main\resources to target\classes
2025-09-03 10:01:15,171 [Worker-4: Building] INFO  o.a.m.s.f.DefaultMavenResourcesFiltering - Copying 0 resource from src\main\resources to target\classes
2025-09-03 10:01:15,179 [Worker-4: Building] INFO  o.a.m.s.f.DefaultMavenResourcesFiltering - skip non existing resourceDirectory C:\Users\abhishek.mr\Downloads\TaskManagerProject\TaskManagerProject\src\test\resources
2025-09-03 10:03:15,313 [Worker-13: Building] INFO  o.a.m.s.f.DefaultMavenResourcesFiltering - Copying 1 resource from src\main\resources to target\classes
2025-09-03 10:03:15,322 [Worker-13: Building] INFO  o.a.m.s.f.DefaultMavenResourcesFiltering - Copying 0 resource from src\main\resources to target\classes
2025-09-03 10:03:15,329 [Worker-13: Building] INFO  o.a.m.s.f.DefaultMavenResourcesFiltering - skip non existing resourceDirectory C:\Users\abhishek.mr\Downloads\TaskManagerProject\TaskManagerProject\src\test\resources
2025-09-03 10:04:25,293 [Worker-8: Building] INFO  o.a.m.s.f.DefaultMavenResourcesFiltering - Copying 1 resource from src\main\resources to target\classes
2025-09-03 10:04:25,310 [Worker-8: Building] INFO  o.a.m.s.f.DefaultMavenResourcesFiltering - Copying 0 resource from src\main\resources to target\classes
2025-09-03 10:04:25,318 [Worker-8: Building] INFO  o.a.m.s.f.DefaultMavenResourcesFiltering - skip non existing resourceDirectory C:\Users\abhishek.mr\Downloads\TaskManagerProject\TaskManagerProject\src\test\resources
2025-09-03 10:05:27,523 [Worker-20: Building] INFO  o.a.m.s.f.DefaultMavenResourcesFiltering - Copying 1 resource from src\main\resources to target\classes
2025-09-03 10:05:27,561 [Worker-20: Building] INFO  o.a.m.s.f.DefaultMavenResourcesFiltering - Copying 0 resource from src\main\resources to target\classes
2025-09-03 10:05:27,578 [Worker-20: Building] INFO  o.a.m.s.f.DefaultMavenResourcesFiltering - skip non existing resourceDirectory C:\Users\abhishek.mr\Downloads\TaskManagerProject\TaskManagerProject\src\test\resources
2025-09-03 10:10:09,926 [Worker-9: Building] INFO  o.a.m.s.f.DefaultMavenResourcesFiltering - Copying 1 resource from src\main\resources to target\classes
2025-09-03 10:10:09,943 [Worker-9: Building] INFO  o.a.m.s.f.DefaultMavenResourcesFiltering - Copying 0 resource from src\main\resources to target\classes
2025-09-03 10:10:09,952 [Worker-9: Building] INFO  o.a.m.s.f.DefaultMavenResourcesFiltering - skip non existing resourceDirectory C:\Users\abhishek.mr\Downloads\TaskManagerProject\TaskManagerProject\src\test\resources
2025-09-03 10:10:50,764 [Worker-5: Building] INFO  o.a.m.s.f.DefaultMavenResourcesFiltering - Copying 1 resource from src\main\resources to target\classes
2025-09-03 10:10:50,781 [Worker-5: Building] INFO  o.a.m.s.f.DefaultMavenResourcesFiltering - Copying 0 resource from src\main\resources to target\classes
2025-09-03 10:10:50,790 [Worker-5: Building] INFO  o.a.m.s.f.DefaultMavenResourcesFiltering - skip non existing resourceDirectory C:\Users\abhishek.mr\Downloads\TaskManagerProject\TaskManagerProject\src\test\resources
2025-09-03 10:11:16,668 [Worker-29: Building] INFO  o.a.m.s.f.DefaultMavenResourcesFiltering - Copying 1 resource from src\main\resources to target\classes
2025-09-03 10:11:16,686 [Worker-29: Building] INFO  o.a.m.s.f.DefaultMavenResourcesFiltering - Copying 0 resource from src\main\resources to target\classes
2025-09-03 10:11:16,696 [Worker-29: Building] INFO  o.a.m.s.f.DefaultMavenResourcesFiltering - skip non existing resourceDirectory C:\Users\abhishek.mr\Downloads\TaskManagerProject\TaskManagerProject\src\test\resources
2025-09-03 10:11:29,333 [Worker-18: Building] INFO  o.a.m.s.f.DefaultMavenResourcesFiltering - Copying 1 resource from src\main\resources to target\classes
2025-09-03 10:11:29,347 [Worker-18: Building] INFO  o.a.m.s.f.DefaultMavenResourcesFiltering - Copying 0 resource from src\main\resources to target\classes
2025-09-03 10:11:29,352 [Worker-18: Building] INFO  o.a.m.s.f.DefaultMavenResourcesFiltering - skip non existing resourceDirectory C:\Users\abhishek.mr\Downloads\TaskManagerProject\TaskManagerProject\src\test\resources
2025-09-03 10:11:51,317 [Worker-27: Building] INFO  o.a.m.s.f.DefaultMavenResourcesFiltering - Copying 1 resource from src\main\resources to target\classes
2025-09-03 10:11:51,344 [Worker-27: Building] INFO  o.a.m.s.f.DefaultMavenResourcesFiltering - Copying 0 resource from src\main\resources to target\classes
2025-09-03 10:11:51,356 [Worker-27: Building] INFO  o.a.m.s.f.DefaultMavenResourcesFiltering - skip non existing resourceDirectory C:\Users\abhishek.mr\Downloads\TaskManagerProject\TaskManagerProject\src\test\resources
2025-09-03 10:14:19,004 [Worker-29: Building] INFO  o.a.m.s.f.DefaultMavenResourcesFiltering - Copying 1 resource from src\main\resources to target\classes
2025-09-03 10:14:19,022 [Worker-29: Building] INFO  o.a.m.s.f.DefaultMavenResourcesFiltering - Copying 0 resource from src\main\resources to target\classes
2025-09-03 10:14:19,030 [Worker-29: Building] INFO  o.a.m.s.f.DefaultMavenResourcesFiltering - skip non existing resourceDirectory C:\Users\abhishek.mr\Downloads\TaskManagerProject\TaskManagerProject\src\test\resources
2025-09-03 10:17:11,107 [Worker-4: Building] INFO  o.a.m.s.f.DefaultMavenResourcesFiltering - Copying 1 resource from src\main\resources to target\classes
2025-09-03 10:17:11,126 [Worker-4: Building] INFO  o.a.m.s.f.DefaultMavenResourcesFiltering - Copying 0 resource from src\main\resources to target\classes
2025-09-03 10:17:11,134 [Worker-4: Building] INFO  o.a.m.s.f.DefaultMavenResourcesFiltering - skip non existing resourceDirectory C:\Users\abhishek.mr\Downloads\TaskManagerProject\TaskManagerProject\src\test\resources
2025-09-03 10:18:06,316 [Worker-29: Building] INFO  o.a.m.s.f.DefaultMavenResourcesFiltering - Copying 1 resource from src\main\resources to target\classes
2025-09-03 10:18:06,329 [Worker-29: Building] INFO  o.a.m.s.f.DefaultMavenResourcesFiltering - Copying 0 resource from src\main\resources to target\classes
2025-09-03 10:18:06,335 [Worker-29: Building] INFO  o.a.m.s.f.DefaultMavenResourcesFiltering - skip non existing resourceDirectory C:\Users\abhishek.mr\Downloads\TaskManagerProject\TaskManagerProject\src\test\resources
2025-09-03 10:19:03,918 [Worker-29: Building] INFO  o.a.m.s.f.DefaultMavenResourcesFiltering - Copying 1 resource from src\main\resources to target\classes
2025-09-03 10:19:03,931 [Worker-29: Building] INFO  o.a.m.s.f.DefaultMavenResourcesFiltering - Copying 0 resource from src\main\resources to target\classes
2025-09-03 10:19:03,938 [Worker-29: Building] INFO  o.a.m.s.f.DefaultMavenResourcesFiltering - skip non existing resourceDirectory C:\Users\abhishek.mr\Downloads\TaskManagerProject\TaskManagerProject\src\test\resources
2025-09-03 10:19:30,221 [Worker-29: Building] INFO  o.a.m.s.f.DefaultMavenResourcesFiltering - Copying 1 resource from src\main\resources to target\classes
2025-09-03 10:19:30,241 [Worker-29: Building] INFO  o.a.m.s.f.DefaultMavenResourcesFiltering - Copying 0 resource from src\main\resources to target\classes
2025-09-03 10:19:30,251 [Worker-29: Building] INFO  o.a.m.s.f.DefaultMavenResourcesFiltering - skip non existing resourceDirectory C:\Users\abhishek.mr\Downloads\TaskManagerProject\TaskManagerProject\src\test\resources
2025-09-03 10:19:44,121 [Worker-32: Building] INFO  o.a.m.s.f.DefaultMavenResourcesFiltering - Copying 1 resource from src\main\resources to target\classes
2025-09-03 10:19:44,131 [Worker-32: Building] INFO  o.a.m.s.f.DefaultMavenResourcesFiltering - Copying 0 resource from src\main\resources to target\classes
2025-09-03 10:19:44,137 [Worker-32: Building] INFO  o.a.m.s.f.DefaultMavenResourcesFiltering - skip non existing resourceDirectory C:\Users\abhishek.mr\Downloads\TaskManagerProject\TaskManagerProject\src\test\resources
2025-09-03 10:19:53,628 [Worker-18: Building] INFO  o.a.m.s.f.DefaultMavenResourcesFiltering - Copying 1 resource from src\main\resources to target\classes
2025-09-03 10:19:53,654 [Worker-18: Building] INFO  o.a.m.s.f.DefaultMavenResourcesFiltering - Copying 0 resource from src\main\resources to target\classes
2025-09-03 10:19:53,665 [Worker-18: Building] INFO  o.a.m.s.f.DefaultMavenResourcesFiltering - skip non existing resourceDirectory C:\Users\abhishek.mr\Downloads\TaskManagerProject\TaskManagerProject\src\test\resources
2025-09-03 10:20:19,703 [Worker-18: Building] INFO  o.a.m.s.f.DefaultMavenResourcesFiltering - Copying 1 resource from src\main\resources to target\classes
2025-09-03 10:20:19,714 [Worker-18: Building] INFO  o.a.m.s.f.DefaultMavenResourcesFiltering - Copying 0 resource from src\main\resources to target\classes
2025-09-03 10:20:19,719 [Worker-18: Building] INFO  o.a.m.s.f.DefaultMavenResourcesFiltering - skip non existing resourceDirectory C:\Users\abhishek.mr\Downloads\TaskManagerProject\TaskManagerProject\src\test\resources
2025-09-03 10:20:24,050 [Worker-31: Building] INFO  o.a.m.s.f.DefaultMavenResourcesFiltering - Copying 1 resource from src\main\resources to target\classes
2025-09-03 10:20:24,062 [Worker-31: Building] INFO  o.a.m.s.f.DefaultMavenResourcesFiltering - Copying 0 resource from src\main\resources to target\classes
2025-09-03 10:20:24,069 [Worker-31: Building] INFO  o.a.m.s.f.DefaultMavenResourcesFiltering - skip non existing resourceDirectory C:\Users\abhishek.mr\Downloads\TaskManagerProject\TaskManagerProject\src\test\resources
2025-09-03 10:20:29,021 [Worker-31: Building] INFO  o.a.m.s.f.DefaultMavenResourcesFiltering - Copying 1 resource from src\main\resources to target\classes
2025-09-03 10:20:29,031 [Worker-31: Building] INFO  o.a.m.s.f.DefaultMavenResourcesFiltering - Copying 0 resource from src\main\resources to target\classes
2025-09-03 10:20:29,038 [Worker-31: Building] INFO  o.a.m.s.f.DefaultMavenResourcesFiltering - skip non existing resourceDirectory C:\Users\abhishek.mr\Downloads\TaskManagerProject\TaskManagerProject\src\test\resources
2025-09-03 10:20:33,405 [Worker-31: Building] INFO  o.a.m.s.f.DefaultMavenResourcesFiltering - Copying 1 resource from src\main\resources to target\classes
2025-09-03 10:20:33,416 [Worker-31: Building] INFO  o.a.m.s.f.DefaultMavenResourcesFiltering - Copying 0 resource from src\main\resources to target\classes
2025-09-03 10:20:33,424 [Worker-31: Building] INFO  o.a.m.s.f.DefaultMavenResourcesFiltering - skip non existing resourceDirectory C:\Users\abhishek.mr\Downloads\TaskManagerProject\TaskManagerProject\src\test\resources
2025-09-03 10:20:38,178 [Worker-7: Building] INFO  o.a.m.s.f.DefaultMavenResourcesFiltering - Copying 1 resource from src\main\resources to target\classes
2025-09-03 10:20:38,187 [Worker-7: Building] INFO  o.a.m.s.f.DefaultMavenResourcesFiltering - Copying 0 resource from src\main\resources to target\classes
2025-09-03 10:20:38,193 [Worker-7: Building] INFO  o.a.m.s.f.DefaultMavenResourcesFiltering - skip non existing resourceDirectory C:\Users\abhishek.mr\Downloads\TaskManagerProject\TaskManagerProject\src\test\resources
2025-09-03 10:26:18,332 [Worker-36: Building] INFO  o.a.m.s.f.DefaultMavenResourcesFiltering - Copying 1 resource from src\main\resources to target\classes
2025-09-03 10:26:18,370 [Worker-36: Building] INFO  o.a.m.s.f.DefaultMavenResourcesFiltering - Copying 0 resource from src\main\resources to target\classes
2025-09-03 10:26:18,381 [Worker-36: Building] INFO  o.a.m.s.f.DefaultMavenResourcesFiltering - skip non existing resourceDirectory C:\Users\abhishek.mr\Downloads\TaskManagerProject\TaskManagerProject\src\test\resources
2025-09-03 10:28:47,879 [Worker-34: Building] INFO  o.a.m.s.f.DefaultMavenResourcesFiltering - Copying 1 resource from src\main\resources to target\classes
2025-09-03 10:28:47,892 [Worker-34: Building] INFO  o.a.m.s.f.DefaultMavenResourcesFiltering - Copying 0 resource from src\main\resources to target\classes
2025-09-03 10:28:47,897 [Worker-34: Building] INFO  o.a.m.s.f.DefaultMavenResourcesFiltering - skip non existing resourceDirectory C:\Users\abhishek.mr\Downloads\TaskManagerProject\TaskManagerProject\src\test\resources
2025-09-03 10:29:06,999 [Worker-34: Building] INFO  o.a.m.s.f.DefaultMavenResourcesFiltering - Copying 1 resource from src\main\resources to target\classes
2025-09-03 10:29:07,012 [Worker-34: Building] INFO  o.a.m.s.f.DefaultMavenResourcesFiltering - Copying 0 resource from src\main\resources to target\classes
2025-09-03 10:29:07,017 [Worker-34: Building] INFO  o.a.m.s.f.DefaultMavenResourcesFiltering - skip non existing resourceDirectory C:\Users\abhishek.mr\Downloads\TaskManagerProject\TaskManagerProject\src\test\resources
2025-09-03 10:32:03,985 [Worker-31: Building] INFO  o.a.m.s.f.DefaultMavenResourcesFiltering - Copying 1 resource from src\main\resources to target\classes
2025-09-03 10:32:04,017 [Worker-31: Building] INFO  o.a.m.s.f.DefaultMavenResourcesFiltering - Copying 0 resource from src\main\resources to target\classes
2025-09-03 10:32:04,029 [Worker-31: Building] INFO  o.a.m.s.f.DefaultMavenResourcesFiltering - skip non existing resourceDirectory C:\Users\abhishek.mr\Downloads\TaskManagerProject\TaskManagerProject\src\test\resources
2025-09-03 10:32:17,300 [Worker-34: Building] INFO  o.a.m.s.f.DefaultMavenResourcesFiltering - Copying 1 resource from src\main\resources to target\classes
2025-09-03 10:32:17,310 [Worker-34: Building] INFO  o.a.m.s.f.DefaultMavenResourcesFiltering - Copying 0 resource from src\main\resources to target\classes
2025-09-03 10:32:17,314 [Worker-34: Building] INFO  o.a.m.s.f.DefaultMavenResourcesFiltering - skip non existing resourceDirectory C:\Users\abhishek.mr\Downloads\TaskManagerProject\TaskManagerProject\src\test\resources
2025-09-03 10:33:03,931 [Worker-38: Building] INFO  o.a.m.s.f.DefaultMavenResourcesFiltering - Copying 1 resource from src\main\resources to target\classes
2025-09-03 10:33:03,941 [Worker-38: Building] INFO  o.a.m.s.f.DefaultMavenResourcesFiltering - Copying 0 resource from src\main\resources to target\classes
2025-09-03 10:33:03,947 [Worker-38: Building] INFO  o.a.m.s.f.DefaultMavenResourcesFiltering - skip non existing resourceDirectory C:\Users\abhishek.mr\Downloads\TaskManagerProject\TaskManagerProject\src\test\resources
2025-09-03 10:33:49,292 [Worker-36: Building] INFO  o.a.m.s.f.DefaultMavenResourcesFiltering - Copying 1 resource from src\main\resources to target\classes
2025-09-03 10:33:49,303 [Worker-36: Building] INFO  o.a.m.s.f.DefaultMavenResourcesFiltering - Copying 0 resource from src\main\resources to target\classes
2025-09-03 10:33:49,308 [Worker-36: Building] INFO  o.a.m.s.f.DefaultMavenResourcesFiltering - skip non existing resourceDirectory C:\Users\abhishek.mr\Downloads\TaskManagerProject\TaskManagerProject\src\test\resources
2025-09-03 10:34:27,903 [Worker-36: Building] INFO  o.a.m.s.f.DefaultMavenResourcesFiltering - Copying 1 resource from src\main\resources to target\classes
2025-09-03 10:34:27,911 [Worker-36: Building] INFO  o.a.m.s.f.DefaultMavenResourcesFiltering - Copying 0 resource from src\main\resources to target\classes
2025-09-03 10:34:27,915 [Worker-36: Building] INFO  o.a.m.s.f.DefaultMavenResourcesFiltering - skip non existing resourceDirectory C:\Users\abhishek.mr\Downloads\TaskManagerProject\TaskManagerProject\src\test\resources
2025-09-03 10:36:42,933 [Worker-33: Building] INFO  o.a.m.s.f.DefaultMavenResourcesFiltering - Copying 1 resource from src\main\resources to target\classes
2025-09-03 10:36:42,946 [Worker-33: Building] INFO  o.a.m.s.f.DefaultMavenResourcesFiltering - Copying 0 resource from src\main\resources to target\classes
2025-09-03 10:36:42,951 [Worker-33: Building] INFO  o.a.m.s.f.DefaultMavenResourcesFiltering - skip non existing resourceDirectory C:\Users\abhishek.mr\Downloads\TaskManagerProject\TaskManagerProject\src\test\resources
2025-09-04 17:19:06,765 [Worker-3: Loading available Gradle versions] INFO  o.e.b.c.i.u.g.PublishedGradleVersions - Gradle version information cache is out-of-date. Trying to update.
